<?xml version="1.0" encoding="UTF-8"?>
<!-- Generated by org.testng.reporters.JUnitReportReporter -->
<testsuite hostname="C100-96s-iMac.local" failures="0" tests="15" name="SwimPay.positiveTests.fxConversion" time="508.422" errors="0" timestamp="2024-02-11T20:07:09 IST" skipped="0">
  <testcase classname="SwimPay.positiveTests.fxConversion" name="clickOnSearch" time="20.186"/>
  <system-out/>
  <testcase classname="SwimPay.positiveTests.fxConversion" name="fxConversionCancelProcess_FromCurrency_Amountsection" time="18.489"/>
  <system-out/>
  <testcase classname="SwimPay.positiveTests.fxConversion" name="submitCurrency_AccountDetails" time="23.721"/>
  <system-out/>
  <testcase classname="SwimPay.positiveTests.fxConversion" name="fxConversionCancelProcess_FromCurrency_Amountsection_whenDataProvided" time="23.150"/>
  <system-out/>
  <testcase classname="SwimPay.positiveTests.fxConversion" name="fxConversionconvert" time="37.203"/>
  <system-out/>
  <testcase classname="SwimPay.positiveTests.fxConversion" name="fxConversionCancelProcess_fromQuoteSection" time="28.845"/>
  <system-out/>
  <testcase classname="SwimPay.positiveTests.fxConversion" name="fxConversionByAmountToBuy" time="36.466"/>
  <system-out/>
  <testcase classname="SwimPay.positiveTests.fxConversion" name="fxConversionByAmountToSell" time="38.755"/>
  <system-out/>
  <testcase classname="SwimPay.positiveTests.fxConversion" name="fxConversionCancelProcess_fromOTPStep" time="34.458"/>
  <system-out/>
  <testcase classname="SwimPay.positiveTests.fxConversion" name="fxConversionBackBtnClick_fromQuoteSection" time="36.894"/>
  <system-out/>
  <testcase classname="SwimPay.positiveTests.fxConversion" name="fxConversion_clickRequoteOpt" time="56.366"/>
  <system-out/>
  <testcase classname="SwimPay.positiveTests.fxConversion" name="fxConversion_clickMakePaymentOpt" time="38.508"/>
  <system-out/>
  <testcase classname="SwimPay.positiveTests.fxConversion" name="fxConversion_clickPayLaterOpt" time="38.273"/>
  <system-out/>
  <testcase classname="SwimPay.positiveTests.fxConversion" name="fxConversion_clickMakeAnotherconversionOpt" time="38.643"/>
  <system-out/>
  <testcase classname="SwimPay.positiveTests.fxConversion" name="fxConversion_clickViewDashboardOpt" time="38.465"/>
  <system-out/>
</testsuite> <!-- SwimPay.positiveTests.fxConversion -->
