<?xml version="1.0" encoding="UTF-8"?>
<!-- Generated by org.testng.reporters.JUnitReportReporter -->
<testsuite hostname="C102" failures="0" tests="10" name="SwimPay.positiveTests.balance_payOut" time="161.743" errors="0" timestamp="2024-04-24T16:43:09 IST" skipped="0">
  <testcase classname="SwimPay.positiveTests.balance_payOut" name="clickBalPayOutOpt" time="17.204"/>
  <system-out/>
  <testcase classname="SwimPay.positiveTests.balance_payOut" name="balOut_clickCountryCurrencyOpt_fromList" time="14.099"/>
  <system-out/>
  <testcase classname="SwimPay.positiveTests.balance_payOut" name="balOut_clickPayCurrencyOpt" time="12.021"/>
  <system-out/>
  <testcase classname="SwimPay.positiveTests.balance_payOut" name="balOut_clickConvertCurrencyOpt" time="11.975"/>
  <system-out/>
  <testcase classname="SwimPay.positiveTests.balance_payOut" name="balPayOut_currencyAvailableBalance" time="12.280"/>
  <system-out/>
  <testcase classname="SwimPay.positiveTests.balance_payOut" name="balPayOut_completeTransactiondisplay" time="23.714"/>
  <system-out/>
  <testcase classname="SwimPay.positiveTests.balance_payOut" name="balPayOut_viewStatementOptionBtn" time="14.698"/>
  <system-out/>
  <testcase classname="SwimPay.positiveTests.balance_payOut" name="balPayOut_completeTransactiondisplay_betweenDates" time="15.105"/>
  <system-out/>
  <testcase classname="SwimPay.positiveTests.balance_payOut" name="balPayOut_createStatement_byMonth" time="20.832"/>
  <system-out/>
  <testcase classname="SwimPay.positiveTests.balance_payOut" name="balPayOut_createStatement_byCustomDate" time="19.815"/>
  <system-out/>
</testsuite> <!-- SwimPay.positiveTests.balance_payOut -->
