<?xml version="1.0" encoding="UTF-8"?>
<!-- Generated by org.testng.reporters.JUnitReportReporter -->
<testsuite hostname="C102" failures="0" tests="18" name="SwimPay.positiveTests.balance_payIn" time="575.762" errors="0" timestamp="2024-05-06T16:26:55 IST" skipped="0">
  <testcase classname="SwimPay.positiveTests.balance_payIn" name="clickBalanceOpt" time="30.518"/>
  <system-out/>
  <testcase classname="SwimPay.positiveTests.balance_payIn" name="clickBal_payinOpt" time="17.941"/>
  <system-out/>
  <testcase classname="SwimPay.positiveTests.balance_payIn" name="balPayIn_provideValueIn_findField" time="19.703"/>
  <system-out/>
  <testcase classname="SwimPay.positiveTests.balance_payIn" name="balPayin_clickCountryCurrencyOpt_fromList" time="22.178"/>
  <system-out/>
  <testcase classname="SwimPay.positiveTests.balance_payIn" name="balPayin_currencyAvailableBalance" time="20.532"/>
  <system-out/>
  <testcase classname="SwimPay.positiveTests.balance_payIn" name="balPayin_clickPayCurrencyOpt_fromDetails" time="38.761"/>
  <system-out/>
  <testcase classname="SwimPay.positiveTests.balance_payIn" name="balPayin_clickConvertCurrencyOpt_fromDetails" time="21.989"/>
  <system-out/>
  <testcase classname="SwimPay.positiveTests.balance_payIn" name="balPayin_clickAddCurrencyOpt_fromDetails" time="20.552"/>
  <system-out/>
  <testcase classname="SwimPay.positiveTests.balance_payIn" name="balPayin_clickMyCurrencyAccountDetails" time="20.519"/>
  <system-out/>
  <testcase classname="SwimPay.positiveTests.balance_payIn" name="balPayIn_myCurrecyAccountDetailsCapture" time="19.229"/>
  <system-out/>
  <testcase classname="SwimPay.positiveTests.balance_payIn" name="balPayin_completedTransactionsByDate" time="42.060"/>
  <system-out/>
  <testcase classname="SwimPay.positiveTests.balance_payIn" name="balPayin_statementPreview" time="24.844"/>
  <system-out/>
  <testcase classname="SwimPay.positiveTests.balance_payIn" name="balPayin_createStatementRequest" time="80.098"/>
  <system-out/>
  <testcase classname="SwimPay.positiveTests.balance_payIn" name="balPayin_clickCountryCurrencyOpt_fromList_NewCurrencyPrint" time="21.131"/>
  <system-out/>
  <testcase classname="SwimPay.positiveTests.balance_payIn" name="balPayin_clickCountryCurrencyOpt_fromList_NewCurrencyClick" time="19.733"/>
  <system-out/>
  <testcase classname="SwimPay.positiveTests.balance_payIn" name="balPayin_PendingTransactionsByDate" time="35.318"/>
  <system-out/>
  <testcase classname="SwimPay.positiveTests.balance_payIn" name="balPayin_AutoConvertedTransactionsByDate" time="61.061"/>
  <system-out/>
  <testcase classname="SwimPay.positiveTests.balance_payIn" name="balPayin_RequestCSVFile" time="59.595"/>
  <system-out/>
</testsuite> <!-- SwimPay.positiveTests.balance_payIn -->
