<?xml version="1.0" encoding="UTF-8"?>
<!-- Generated by org.testng.reporters.JUnitReportReporter -->
<testsuite hostname="C100-189s-iMac.local" failures="0" tests="1" name="SwimPay.negativeTests.negativePayments" time="52.479" errors="0" timestamp="2023-08-07T15:10:56 IST" skipped="0">
  <testcase classname="SwimPay.negativeTests.negativePayments" name="payments_currencyAndRecipient_PayeeDataSubmit_withAmount00" time="52.479"/>
  <system-out/>
</testsuite> <!-- SwimPay.negativeTests.negativePayments -->
