<?xml version="1.0" encoding="UTF-8"?>
<!-- Generated by org.testng.reporters.JUnitReportReporter -->
<testsuite hostname="C102" failures="0" tests="29" name="SwimPay.positiveTests.fxConversion" time="1102.215" errors="0" timestamp="2024-05-14T18:50:27 IST" skipped="0">
  <testcase classname="SwimPay.positiveTests.fxConversion" name="clickOnSearch" time="15.836"/>
  <system-out/>
  <testcase classname="SwimPay.positiveTests.fxConversion" name="fxConversionCancelProcess_FromCurrency_Amountsection" time="17.767"/>
  <system-out/>
  <testcase classname="SwimPay.positiveTests.fxConversion" name="submitCurrency_AccountDetails" time="29.653"/>
  <system-out/>
  <testcase classname="SwimPay.positiveTests.fxConversion" name="fxConversionCancelProcess_FromCurrency_Amountsection_whenDataProvided" time="26.470"/>
  <system-out/>
  <testcase classname="SwimPay.positiveTests.fxConversion" name="fxConversionconvert" time="46.121"/>
  <system-out/>
  <testcase classname="SwimPay.positiveTests.fxConversion" name="fxConversionCancelProcess_fromQuoteSection" time="35.072"/>
  <system-out/>
  <testcase classname="SwimPay.positiveTests.fxConversion" name="fxConversionByAmountToBuy" time="66.505"/>
  <system-out/>
  <testcase classname="SwimPay.positiveTests.fxConversion" name="fxConversionByAmountToSell" time="103.347"/>
  <system-out/>
  <testcase classname="SwimPay.positiveTests.fxConversion" name="fxConversionCancelProcess_fromOTPStep" time="50.345"/>
  <system-out/>
  <testcase classname="SwimPay.positiveTests.fxConversion" name="fxConversionBackBtnClick_fromQuoteSection" time="48.887"/>
  <system-out/>
  <testcase classname="SwimPay.positiveTests.fxConversion" name="fxConversion_clickRequoteOpt" time="52.804"/>
  <system-out/>
  <testcase classname="SwimPay.positiveTests.fxConversion" name="fxConversion_clickMakePaymentOpt" time="67.812"/>
  <system-out/>
  <testcase classname="SwimPay.positiveTests.fxConversion" name="fxConversion_clickPayLaterOpt" time="35.502"/>
  <system-out/>
  <testcase classname="SwimPay.positiveTests.fxConversion" name="fxConversion_clickMakeAnotherconversionOpt" time="35.115"/>
  <system-out/>
  <testcase classname="SwimPay.positiveTests.fxConversion" name="fxConversion_clickViewDashboardOpt" time="40.120"/>
  <system-out/>
  <testcase classname="SwimPay.positiveTests.fxConversion" name="fxConversionPayOutOption" time="19.675"/>
  <system-out/>
  <testcase classname="SwimPay.positiveTests.fxConversion" name="SellCurrecy" time="19.340"/>
  <system-out/>
  <testcase classname="SwimPay.positiveTests.fxConversion" name="BuyCurrecy" time="22.281"/>
  <system-out/>
  <testcase classname="SwimPay.positiveTests.fxConversion" name="AmountToselectBuyoption" time="20.301"/>
  <system-out/>
  <testcase classname="SwimPay.positiveTests.fxConversion" name="WriteAmount" time="20.744"/>
  <system-out/>
  <testcase classname="SwimPay.positiveTests.fxConversion" name="Get_a_Quote" time="24.391"/>
  <system-out/>
  <testcase classname="SwimPay.positiveTests.fxConversion" name="CancelButton" time="22.675"/>
  <system-out/>
  <testcase classname="SwimPay.positiveTests.fxConversion" name="fxConversionByAmountBuy" time="50.558"/>
  <system-out/>
  <testcase classname="SwimPay.positiveTests.fxConversion" name="fxConversionBackBtnClick_fromQuote" time="28.462"/>
  <system-out/>
  <testcase classname="SwimPay.positiveTests.fxConversion" name="PayoutRequoteOpt" time="44.927"/>
  <system-out/>
  <testcase classname="SwimPay.positiveTests.fxConversion" name="PayOutclickMakePaymentOpt" time="32.375"/>
  <system-out/>
  <testcase classname="SwimPay.positiveTests.fxConversion" name="PayOutclickPayLaterOpt" time="54.783"/>
  <system-out/>
  <testcase classname="SwimPay.positiveTests.fxConversion" name="PayOutclickMakeAnotherconversionOpt" time="32.974"/>
  <system-out/>
  <testcase classname="SwimPay.positiveTests.fxConversion" name="fxConversionPayOut_clickViewDashboardOpt" time="37.373"/>
  <system-out/>
</testsuite> <!-- SwimPay.positiveTests.fxConversion -->
