<?xml version="1.0" encoding="UTF-8"?>
<!-- Generated by org.testng.reporters.JUnitReportReporter -->
<testsuite hostname="C102" failures="0" tests="1" name="SwimPay.positiveTests.dashboard" time="26.405" errors="0" timestamp="2024-04-26T11:19:24 IST" skipped="0">
  <testcase classname="SwimPay.positiveTests.dashboard" name="clickCreatePaymentOpt_fromDashBoardPage" time="26.405"/>
  <system-out/>
</testsuite> <!-- SwimPay.positiveTests.dashboard -->
