<?xml version="1.0" encoding="UTF-8"?>
<!-- Generated by org.testng.reporters.JUnitReportReporter -->
<testsuite hostname="C102" failures="0" tests="4" name="SwimPay.positiveTests.userLogin_logout" time="164.241" errors="0" timestamp="2024-05-14T18:50:27 IST" skipped="0">
  <testcase classname="SwimPay.positiveTests.userLogin_logout" name="userLogin" time="23.861"/>
  <system-out/>
  <testcase classname="SwimPay.positiveTests.userLogin_logout" name="userLogin_Logout" time="15.069"/>
  <system-out/>
  <testcase classname="SwimPay.positiveTests.userLogin_logout" name="backToEmailfromPasswordpage" time="66.418"/>
  <system-out/>
  <testcase classname="SwimPay.positiveTests.userLogin_logout" name="showHidePassword" time="58.893"/>
  <system-out/>
</testsuite> <!-- SwimPay.positiveTests.userLogin_logout -->
