<?xml version="1.0" encoding="UTF-8"?>
<!-- Generated by org.testng.reporters.JUnitReportReporter -->
<testsuite hostname="C102" failures="0" tests="4" name="SwimPay.positiveTests.forgot_resetPassword" time="56.203" errors="0" timestamp="2024-04-12T15:34:10 IST" skipped="0">
  <testcase classname="SwimPay.positiveTests.forgot_resetPassword" name="clickForgotPasswordOpt" time="5.940"/>
  <system-out/>
  <testcase classname="SwimPay.positiveTests.forgot_resetPassword" name="submitForgotPasswordEmail" time="17.500"/>
  <system-out/>
  <testcase classname="SwimPay.positiveTests.forgot_resetPassword" name="ResetPassword" time="22.602"/>
  <system-out/>
  <testcase classname="SwimPay.positiveTests.forgot_resetPassword" name="backToLoginPageFromForgotPasswordPage" time="10.161"/>
  <system-out/>
</testsuite> <!-- SwimPay.positiveTests.forgot_resetPassword -->
