<?xml version="1.0" encoding="UTF-8"?>
<!-- Generated by org.testng.reporters.JUnitReportReporter -->
<testsuite hostname="C102" failures="0" tests="30" name="SwimPay.positiveTests.Bulk_Payment" time="1041.774" errors="0" timestamp="2024-05-06T17:25:50 IST" skipped="0">
  <testcase classname="SwimPay.positiveTests.Bulk_Payment" name="Bulkpaymentformenu" time="15.466"/>
  <system-out/>
  <testcase classname="SwimPay.positiveTests.Bulk_Payment" name="Referencenumber" time="30.243"/>
  <system-out/>
  <testcase classname="SwimPay.positiveTests.Bulk_Payment" name="FromDateCalendar" time="42.408"/>
  <system-out/>
  <testcase classname="SwimPay.positiveTests.Bulk_Payment" name="StatusField" time="32.014"/>
  <system-out/>
  <testcase classname="SwimPay.positiveTests.Bulk_Payment" name="PageArrowbutton" time="18.263"/>
  <system-out/>
  <testcase classname="SwimPay.positiveTests.Bulk_Payment" name="SearchButton" time="38.980"/>
  <system-out/>
  <testcase classname="SwimPay.positiveTests.Bulk_Payment" name="ExternalPayment" time="17.964"/>
  <system-out/>
  <testcase classname="SwimPay.positiveTests.Bulk_Payment" name="Amountpay" time="26.345"/>
  <system-out/>
  <testcase classname="SwimPay.positiveTests.Bulk_Payment" name="AlternativeCurrencyOpt" time="32.155"/>
  <system-out/>
  <testcase classname="SwimPay.positiveTests.Bulk_Payment" name="GetRate" time="38.344"/>
  <system-out/>
  <testcase classname="SwimPay.positiveTests.Bulk_Payment" name="Cancel" time="41.618"/>
  <system-out/>
  <testcase classname="SwimPay.positiveTests.Bulk_Payment" name="Accpect" time="42.628"/>
  <system-out/>
  <testcase classname="SwimPay.positiveTests.Bulk_Payment" name="mandatoryreference" time="46.605"/>
  <system-out/>
  <testcase classname="SwimPay.positiveTests.Bulk_Payment" name="ReasonCode" time="45.784"/>
  <system-out/>
  <testcase classname="SwimPay.positiveTests.Bulk_Payment" name="Multipay" time="47.497"/>
  <system-out/>
  <testcase classname="SwimPay.positiveTests.Bulk_Payment" name="MultipayAmount" time="66.193"/>
  <system-out/>
  <testcase classname="SwimPay.positiveTests.Bulk_Payment" name="PaynowCalncel" time="52.116"/>
  <system-out/>
  <testcase classname="SwimPay.positiveTests.Bulk_Payment" name="PaynowVerify" time="53.237"/>
  <system-out/>
  <testcase classname="SwimPay.positiveTests.Bulk_Payment" name="PayLetter" time="47.837"/>
  <system-out/>
  <testcase classname="SwimPay.positiveTests.Bulk_Payment" name="Pay" time="46.522"/>
  <system-out/>
  <testcase classname="SwimPay.positiveTests.Bulk_Payment" name="cancelbutton" time="21.505"/>
  <system-out/>
  <testcase classname="SwimPay.positiveTests.Bulk_Payment" name="WalletToWalletPayment" time="16.657"/>
  <system-out/>
  <testcase classname="SwimPay.positiveTests.Bulk_Payment" name="Paymentcurrency" time="22.548"/>
  <system-out/>
  <testcase classname="SwimPay.positiveTests.Bulk_Payment" name="AmountPay" time="25.211"/>
  <system-out/>
  <testcase classname="SwimPay.positiveTests.Bulk_Payment" name="Mandatoryreference" time="24.963"/>
  <system-out/>
  <testcase classname="SwimPay.positiveTests.Bulk_Payment" name="referenceCode" time="27.594"/>
  <system-out/>
  <testcase classname="SwimPay.positiveTests.Bulk_Payment" name="PayIn" time="30.612"/>
  <system-out/>
  <testcase classname="SwimPay.positiveTests.Bulk_Payment" name="PayInCalcelbutton" time="30.565"/>
  <system-out/>
  <testcase classname="SwimPay.positiveTests.Bulk_Payment" name="PayLaterButton1" time="32.230"/>
  <system-out/>
  <testcase classname="SwimPay.positiveTests.Bulk_Payment" name="Cancelbutton" time="27.670"/>
  <system-out/>
</testsuite> <!-- SwimPay.positiveTests.Bulk_Payment -->
