<?xml version="1.0" encoding="UTF-8"?>
<!-- Generated by org.testng.reporters.JUnitReportReporter -->
<testsuite hostname="C102" failures="0" tests="12" name="SwimPay.positiveTests.reports" time="252.712" errors="0" timestamp="2024-05-03T10:58:02 IST" skipped="0">
  <testcase classname="SwimPay.positiveTests.reports" name="clickOnReportsOpt" time="15.257"/>
  <system-out/>
  <testcase classname="SwimPay.positiveTests.reports" name="searchReportInvoiceMapByInvoiceNumber" time="19.720"/>
  <system-out/>
  <testcase classname="SwimPay.positiveTests.reports" name="searchReportInvoiceMapBySellerName" time="25.139"/>
  <system-out/>
  <testcase classname="SwimPay.positiveTests.reports" name="searchReportsInvoiceMapByBuyerName" time="30.301"/>
  <system-out/>
  <testcase classname="SwimPay.positiveTests.reports" name="searchReportsInvoiceMapByDateRange" time="26.604"/>
  <system-out/>
  <testcase classname="SwimPay.positiveTests.reports" name="reportsClickonBOL_CSVOPt" time="18.886"/>
  <system-out/>
  <testcase classname="SwimPay.positiveTests.reports" name="searchReportsBOL_CSVbyBCNNumber" time="15.630"/>
  <system-out/>
  <testcase classname="SwimPay.positiveTests.reports" name="searchReportsBOL_CSVbySellerNamee" time="20.517"/>
  <system-out/>
  <testcase classname="SwimPay.positiveTests.reports" name="searchReportsBOL_CSVbyBuyerNamee" time="21.353"/>
  <system-out/>
  <testcase classname="SwimPay.positiveTests.reports" name="searchReportsBOL_CSVByDateRangeBol" time="16.794"/>
  <system-out/>
  <testcase classname="SwimPay.positiveTests.reports" name="searchReportsBOL_CSVByDateRangeBuyer" time="21.670"/>
  <system-out/>
  <testcase classname="SwimPay.positiveTests.reports" name="searchReportsBOL_CSVByDateRangeSeller" time="20.841"/>
  <system-out/>
</testsuite> <!-- SwimPay.positiveTests.reports -->
