<?xml version="1.0" encoding="UTF-8"?>
<!-- Generated by org.testng.reporters.JUnitReportReporter -->
<testsuite hostname="C102" failures="0" tests="12" name="SwimPay.positiveTests.accountInfo" time="460.498" errors="0" timestamp="2024-05-14T18:50:27 IST" skipped="0">
  <testcase classname="SwimPay.positiveTests.accountInfo" name="clickAccountInfoOpt" time="19.641"/>
  <system-out/>
  <testcase classname="SwimPay.positiveTests.accountInfo" name="findrequestedAccountName_andClick" time="33.978"/>
  <system-out/>
  <testcase classname="SwimPay.positiveTests.accountInfo" name="findrequestedAccountName_andClickArrowDownIcon_captureDisplayedcurrencyData" time="35.212"/>
  <system-out/>
  <testcase classname="SwimPay.positiveTests.accountInfo" name="clickRequestedLastNameFromDataListFromAccountInformationSection" time="37.489"/>
  <system-out/>
  <testcase classname="SwimPay.positiveTests.accountInfo" name="clickRequestedFirstNameFromDataListFromAccountInformationSection" time="36.076"/>
  <system-out/>
  <testcase classname="SwimPay.positiveTests.accountInfo" name="clickAccountInformationOpt_fromAccountDetailsSection" time="34.655"/>
  <system-out/>
  <testcase classname="SwimPay.positiveTests.accountInfo" name="clickDisplayApplicationFormBtn_fromAccountInformationPage" time="35.303"/>
  <system-out/>
  <testcase classname="SwimPay.positiveTests.accountInfo" name="clickDisplayApplicationFormBtn_fromAccountInformationPage_andCaptureApplicationFormData" time="42.517"/>
  <system-out/>
  <testcase classname="SwimPay.positiveTests.accountInfo" name="clickEnable_DisableOptForRequestedUserFromDataListOfAccounts_andClickYesOptFromPopup" time="40.817"/>
  <system-out/>
  <testcase classname="SwimPay.positiveTests.accountInfo" name="clickEnable_DisableOptForRequestedUserFromDataListOfAccounts_andClickNoOptFromPopup" time="37.377"/>
  <system-out/>
  <testcase classname="SwimPay.positiveTests.accountInfo" name="clickEnable_DisableOptForRequestedUserFromDataListOfAccounts_andClickYesOptFromPopup_VerifyUSer_EnableUserAgain" time="62.549"/>
  <system-out/>
  <testcase classname="SwimPay.positiveTests.accountInfo" name="clickEnable_DisableOptForRequestedUserFromDataListOfAccounts_andClickYesOptFromPopup_VerifyUser_YesOptionClick" time="44.884"/>
  <system-out/>
</testsuite> <!-- SwimPay.positiveTests.accountInfo -->
