<?xml version="1.0" encoding="UTF-8"?>
<!-- Generated by org.testng.reporters.JUnitReportReporter -->
<testsuite hostname="C102" failures="0" tests="4" name="SwimPay.negativeTests.negativeFXconversion" time="146.325" errors="0" timestamp="2024-04-25T19:29:51 IST" skipped="0">
  <testcase classname="SwimPay.negativeTests.negativeFXconversion" name="submitCurrencies_AmountWith_Amount0" time="32.613"/>
  <system-out/>
  <testcase classname="SwimPay.negativeTests.negativeFXconversion" name="submitFXConversion_curriencyAmount_bySameCurrencyOpt" time="34.849"/>
  <system-out/>
  <testcase classname="SwimPay.negativeTests.negativeFXconversion" name="submitFxConversionByInvalidOTPSubmit" time="40.504"/>
  <system-out/>
  <testcase classname="SwimPay.negativeTests.negativeFXconversion" name="fxConversionWithoutSelectingTermsCheckbox" time="38.359"/>
  <system-out/>
</testsuite> <!-- SwimPay.negativeTests.negativeFXconversion -->
