<?xml version="1.0" encoding="UTF-8"?>
<!-- Generated by org.testng.reporters.JUnitReportReporter -->
<testsuite hostname="C102" failures="0" tests="30" name="SwimPay.positiveTests.Search" time="779.527" errors="0" timestamp="2024-05-03T19:10:00 IST" skipped="0">
  <testcase classname="SwimPay.positiveTests.Search" name="clickOnSearch" time="15.346"/>
  <system-out/>
  <testcase classname="SwimPay.positiveTests.Search" name="SearchConversionByReferenceNumber" time="42.834"/>
  <system-out/>
  <testcase classname="SwimPay.positiveTests.Search" name="SearchConversionByStatus" time="22.924"/>
  <system-out/>
  <testcase classname="SwimPay.positiveTests.Search" name="resetFilter_whileNoFiltersApplied" time="21.011"/>
  <system-out/>
  <testcase classname="SwimPay.positiveTests.Search" name="applyFilers_resetFilters" time="32.417"/>
  <system-out/>
  <testcase classname="SwimPay.positiveTests.Search" name="soldFrom_ToBaughtCurrency" time="79.810"/>
  <system-out/>
  <testcase classname="SwimPay.positiveTests.Search" name="conversionData_minimumSold" time="21.211"/>
  <system-out/>
  <testcase classname="SwimPay.positiveTests.Search" name="conversionData_MaximumSold" time="23.479"/>
  <system-out/>
  <testcase classname="SwimPay.positiveTests.Search" name="conversionData_minMaxSold" time="25.890"/>
  <system-out/>
  <testcase classname="SwimPay.positiveTests.Search" name="conversion_minBaught" time="24.436"/>
  <system-out/>
  <testcase classname="SwimPay.positiveTests.Search" name="conversion_maxBaught" time="24.358"/>
  <system-out/>
  <testcase classname="SwimPay.positiveTests.Search" name="coversion_minMaxBaught" time="25.112"/>
  <system-out/>
  <testcase classname="SwimPay.positiveTests.Search" name="conversion_minMax_soldBaught" time="23.371"/>
  <system-out/>
  <testcase classname="SwimPay.positiveTests.Search" name="searchPayment" time="17.861"/>
  <system-out/>
  <testcase classname="SwimPay.positiveTests.Search" name="searchPaymentBYReferenceNumber" time="32.337"/>
  <system-out/>
  <testcase classname="SwimPay.positiveTests.Search" name="searchPaymentByDateType" time="20.949"/>
  <system-out/>
  <testcase classname="SwimPay.positiveTests.Search" name="searchPaymentByStatus" time="22.836"/>
  <system-out/>
  <testcase classname="SwimPay.positiveTests.Search" name="searchPaymentByMinAmmount" time="21.735"/>
  <system-out/>
  <testcase classname="SwimPay.positiveTests.Search" name="searchPaymentByMaxAmount" time="22.600"/>
  <system-out/>
  <testcase classname="SwimPay.positiveTests.Search" name="searchPaymentByMinMaxAmount" time="26.323"/>
  <system-out/>
  <testcase classname="SwimPay.positiveTests.Search" name="searchPaymentByCurrency" time="22.415"/>
  <system-out/>
  <testcase classname="SwimPay.positiveTests.Search" name="searchPaymentByFilters" time="23.381"/>
  <system-out/>
  <testcase classname="SwimPay.positiveTests.Search" name="searchTransactionOption" time="15.388"/>
  <system-out/>
  <testcase classname="SwimPay.positiveTests.Search" name="searchTransactionByReferecneNumber" time="27.401"/>
  <system-out/>
  <testcase classname="SwimPay.positiveTests.Search" name="searchTransactionByDateType" time="21.295"/>
  <system-out/>
  <testcase classname="SwimPay.positiveTests.Search" name="searchTransactionByStatusFilter" time="22.205"/>
  <system-out/>
  <testcase classname="SwimPay.positiveTests.Search" name="searchTransactionByMinAmount" time="27.681"/>
  <system-out/>
  <testcase classname="SwimPay.positiveTests.Search" name="searchTransactionByMaxAmount" time="27.335"/>
  <system-out/>
  <testcase classname="SwimPay.positiveTests.Search" name="searchTransactionnByMinMaxAmount" time="22.050"/>
  <system-out/>
  <testcase classname="SwimPay.positiveTests.Search" name="searchTranactionByCurrencyType" time="23.536"/>
  <system-out/>
</testsuite> <!-- SwimPay.positiveTests.Search -->
