<?xml version="1.0" encoding="UTF-8"?>
<!-- Generated by org.testng.reporters.JUnitReportReporter -->
<testsuite hostname="C102" failures="0" tests="3" name="SwimPay.negativeTests.negativeProfile" time="46.088" errors="0" timestamp="2024-04-23T09:57:06 IST" skipped="0">
  <testcase classname="SwimPay.negativeTests.negativeProfile" name="profileUpdateByInvalidPasswordFormat" time="16.566"/>
  <system-out/>
  <testcase classname="SwimPay.negativeTests.negativeProfile" name="profileChangePasswordBy_providingWrongOldPassword" time="16.894"/>
  <system-out/>
  <testcase classname="SwimPay.negativeTests.negativeProfile" name="profileChangePasswordByMis_MatchPasswordValues" time="12.628"/>
  <system-out/>
</testsuite> <!-- SwimPay.negativeTests.negativeProfile -->
