<?xml version="1.0" encoding="UTF-8"?>
<!-- Generated by org.testng.reporters.JUnitReportReporter -->
<testsuite hostname="C102" failures="0" tests="13" name="SwimPay.positiveTests.balance_payIn" time="204.130" errors="0" timestamp="2024-04-24T16:20:23 IST" skipped="0">
  <testcase classname="SwimPay.positiveTests.balance_payIn" name="clickBalanceOpt" time="16.080"/>
  <system-out/>
  <testcase classname="SwimPay.positiveTests.balance_payIn" name="clickBal_payinOpt" time="10.950"/>
  <system-out/>
  <testcase classname="SwimPay.positiveTests.balance_payIn" name="balPayIn_provideValueIn_findField" time="11.554"/>
  <system-out/>
  <testcase classname="SwimPay.positiveTests.balance_payIn" name="balPayin_clickCountryCurrencyOpt_fromList" time="11.247"/>
  <system-out/>
  <testcase classname="SwimPay.positiveTests.balance_payIn" name="balPayin_currencyAvailableBalance" time="11.342"/>
  <system-out/>
  <testcase classname="SwimPay.positiveTests.balance_payIn" name="balPayin_clickPayCurrencyOpt_fromDetails" time="11.719"/>
  <system-out/>
  <testcase classname="SwimPay.positiveTests.balance_payIn" name="balPayin_clickConvertCurrencyOpt_fromDetails" time="12.516"/>
  <system-out/>
  <testcase classname="SwimPay.positiveTests.balance_payIn" name="balPayin_clickAddCurrencyOpt_fromDetails" time="11.855"/>
  <system-out/>
  <testcase classname="SwimPay.positiveTests.balance_payIn" name="balPayin_clickMyCurrencyAccountDetails" time="11.599"/>
  <system-out/>
  <testcase classname="SwimPay.positiveTests.balance_payIn" name="balPayIn_myCurrecyAccountDetailsCapture" time="29.284"/>
  <system-out/>
  <testcase classname="SwimPay.positiveTests.balance_payIn" name="balPayin_completedTransactionsByDate" time="20.675"/>
  <system-out/>
  <testcase classname="SwimPay.positiveTests.balance_payIn" name="balPayin_statementPreview" time="14.200"/>
  <system-out/>
  <testcase classname="SwimPay.positiveTests.balance_payIn" name="balPayin_createStatementRequest" time="31.109"/>
  <system-out/>
</testsuite> <!-- SwimPay.positiveTests.balance_payIn -->
