<?xml version="1.0" encoding="UTF-8"?>
<!-- Generated by org.testng.reporters.JUnitReportReporter -->
<testsuite hostname="C102" failures="0" tests="19" name="SwimPay.positiveTests.dashboard" time="534.721" errors="0" timestamp="2024-05-06T16:26:55 IST" skipped="0">
  <testcase classname="SwimPay.positiveTests.dashboard" name="clickDashboradOptFromMenu" time="16.896"/>
  <system-out/>
  <testcase classname="SwimPay.positiveTests.dashboard" name="clickViewAccountOpt_fromDashBoardPage" time="15.878"/>
  <system-out/>
  <testcase classname="SwimPay.positiveTests.dashboard" name="clickAddRecipientPayeeOpt_fromDashBoardPage" time="17.255"/>
  <system-out/>
  <testcase classname="SwimPay.positiveTests.dashboard" name="clickCreatePaymentOpt_fromDashBoardPage" time="15.756"/>
  <system-out/>
  <testcase classname="SwimPay.positiveTests.dashboard" name="clickMakeConversionOpt_fromDashBoardPage" time="19.229"/>
  <system-out/>
  <testcase classname="SwimPay.positiveTests.dashboard" name="searchToDo_asAwaitingFunds" time="33.339"/>
  <system-out/>
  <testcase classname="SwimPay.positiveTests.dashboard" name="searchToDo_asFailedPayment" time="32.081"/>
  <system-out/>
  <testcase classname="SwimPay.positiveTests.dashboard" name="searchToDo_asPendingTrascation" time="30.308"/>
  <system-out/>
  <testcase classname="SwimPay.positiveTests.dashboard" name="searchToDo_asCompletedConversionsToday" time="30.906"/>
  <system-out/>
  <testcase classname="SwimPay.positiveTests.dashboard" name="searchToDo_asCompletedTransactionssToday" time="32.301"/>
  <system-out/>
  <testcase classname="SwimPay.positiveTests.dashboard" name="searchToDo_asCompletedPaymentsToday" time="31.684"/>
  <system-out/>
  <testcase classname="SwimPay.positiveTests.dashboard" name="searchToDo_asAwaitingFundsAndClick" time="30.081"/>
  <system-out/>
  <testcase classname="SwimPay.positiveTests.dashboard" name="searchToDo_asFailedPaymentsAndClick" time="33.793"/>
  <system-out/>
  <testcase classname="SwimPay.positiveTests.dashboard" name="searchToDo_asPendingTransactionAndClick" time="30.335"/>
  <system-out/>
  <testcase classname="SwimPay.positiveTests.dashboard" name="searchToDo_asCompletedConversionTodayAndClick" time="31.287"/>
  <system-out/>
  <testcase classname="SwimPay.positiveTests.dashboard" name="searchToDo_asCompletedTransactionsTodayAndClick" time="32.630"/>
  <system-out/>
  <testcase classname="SwimPay.positiveTests.dashboard" name="searchToDo_asCompletedPaymentsTodayAndClick" time="33.418"/>
  <system-out/>
  <testcase classname="SwimPay.positiveTests.dashboard" name="captureCurrencyFromFixedCurrencyHeader_andClickOnRequestedCurrencyOpt" time="33.329"/>
  <system-out/>
  <testcase classname="SwimPay.positiveTests.dashboard" name="clickOnSwimPayLogo" time="34.215"/>
  <system-out/>
</testsuite> <!-- SwimPay.positiveTests.dashboard -->
