<?xml version="1.0" encoding="UTF-8"?>
<!-- Generated by org.testng.reporters.JUnitReportReporter -->
<testsuite hostname="C100-18" failures="0" tests="1" name="SwimPay.positiveTests.InvoicingTest" time="31.869" errors="0" timestamp="2024-04-22T14:04:03 IST" skipped="0">
  <testcase classname="SwimPay.positiveTests.InvoicingTest" name="EditInvoiceDetails" time="31.869"/>
  <system-out/>
</testsuite> <!-- SwimPay.positiveTests.InvoicingTest -->
