<?xml version="1.0" encoding="UTF-8"?>
<!-- Generated by org.testng.reporters.JUnitReportReporter -->
<testsuite hostname="C102" failures="0" tests="15" name="SwimPay.positiveTests.fxConversion" time="409.691" errors="0" timestamp="2024-04-19T09:32:03 IST" skipped="0">
  <testcase classname="SwimPay.positiveTests.fxConversion" name="clickOnSearch" time="14.065"/>
  <system-out/>
  <testcase classname="SwimPay.positiveTests.fxConversion" name="fxConversionCancelProcess_FromCurrency_Amountsection" time="11.162"/>
  <system-out/>
  <testcase classname="SwimPay.positiveTests.fxConversion" name="submitCurrency_AccountDetails" time="19.703"/>
  <system-out/>
  <testcase classname="SwimPay.positiveTests.fxConversion" name="fxConversionCancelProcess_FromCurrency_Amountsection_whenDataProvided" time="19.501"/>
  <system-out/>
  <testcase classname="SwimPay.positiveTests.fxConversion" name="fxConversionconvert" time="29.938"/>
  <system-out/>
  <testcase classname="SwimPay.positiveTests.fxConversion" name="fxConversionCancelProcess_fromQuoteSection" time="23.508"/>
  <system-out/>
  <testcase classname="SwimPay.positiveTests.fxConversion" name="fxConversionByAmountToBuy" time="30.897"/>
  <system-out/>
  <testcase classname="SwimPay.positiveTests.fxConversion" name="fxConversionByAmountToSell" time="30.140"/>
  <system-out/>
  <testcase classname="SwimPay.positiveTests.fxConversion" name="fxConversionCancelProcess_fromOTPStep" time="25.934"/>
  <system-out/>
  <testcase classname="SwimPay.positiveTests.fxConversion" name="fxConversionBackBtnClick_fromQuoteSection" time="24.152"/>
  <system-out/>
  <testcase classname="SwimPay.positiveTests.fxConversion" name="fxConversion_clickRequoteOpt" time="50.251"/>
  <system-out/>
  <testcase classname="SwimPay.positiveTests.fxConversion" name="fxConversion_clickMakePaymentOpt" time="35.288"/>
  <system-out/>
  <testcase classname="SwimPay.positiveTests.fxConversion" name="fxConversion_clickPayLaterOpt" time="32.027"/>
  <system-out/>
  <testcase classname="SwimPay.positiveTests.fxConversion" name="fxConversion_clickMakeAnotherconversionOpt" time="31.643"/>
  <system-out/>
  <testcase classname="SwimPay.positiveTests.fxConversion" name="fxConversion_clickViewDashboardOpt" time="31.482"/>
  <system-out/>
</testsuite> <!-- SwimPay.positiveTests.fxConversion -->
