<?xml version="1.0" encoding="UTF-8"?>
<!-- Generated by org.testng.reporters.JUnitReportReporter -->
<testsuite hostname="C102" failures="0" tests="3" name="SwimPay.negativeTests.negativeProfile" time="47.043" errors="0" timestamp="2024-05-03T19:10:01 IST" skipped="0">
  <testcase classname="SwimPay.negativeTests.negativeProfile" name="profileUpdateByInvalidPasswordFormat" time="15.005"/>
  <system-out/>
  <testcase classname="SwimPay.negativeTests.negativeProfile" name="profileChangePasswordBy_providingWrongOldPassword" time="17.298"/>
  <system-out/>
  <testcase classname="SwimPay.negativeTests.negativeProfile" name="profileChangePasswordByMis_MatchPasswordValues" time="14.740"/>
  <system-out/>
</testsuite> <!-- SwimPay.negativeTests.negativeProfile -->
