<?xml version="1.0" encoding="UTF-8"?>
<!-- Generated by org.testng.reporters.JUnitReportReporter -->
<testsuite hostname="C102" failures="0" tests="11" name="SwimPay.negativeTests.negativeFundingAccount" time="362.293" errors="0" timestamp="2024-05-14T18:50:27 IST" skipped="0">
  <testcase classname="SwimPay.negativeTests.negativeFundingAccount" name="addNew_submitMyBankDetailFormData_withBlankFields" time="25.516"/>
  <system-out/>
  <testcase classname="SwimPay.negativeTests.negativeFundingAccount" name="addNew_ValidateAccount_withoutSelectPaymentCheckBox" time="28.130"/>
  <system-out/>
  <testcase classname="SwimPay.negativeTests.negativeFundingAccount" name="addNew_submitAndValdiateBankAccountDetails_withoutDataProvideInPaymentFormFields" time="80.234"/>
  <system-out/>
  <testcase classname="SwimPay.negativeTests.negativeFundingAccount" name="addNew_submitAndValdiateBankAccountDetails_withInvalidOTPSubmit" time="41.131"/>
  <system-out/>
  <testcase classname="SwimPay.negativeTests.negativeFundingAccount" name="addNewFunding_submitBankAccountDetailForm_withInvalidValues" time="30.441"/>
  <system-out/>
  <testcase classname="SwimPay.negativeTests.negativeFundingAccount" name="addNewFunding_withInvalidValueProvideAndSubmit" time="37.428"/>
  <system-out/>
  <testcase classname="SwimPay.negativeTests.negativeFundingAccount" name="clickEdit_andPerformUpdateDataWithInvalidData" time="23.283"/>
  <system-out/>
  <testcase classname="SwimPay.negativeTests.negativeFundingAccount" name="clickEdit_andPerformUpdateDataWithvalidData_andInavlidOTPSubmit" time="26.437"/>
  <system-out/>
  <testcase classname="SwimPay.negativeTests.negativeFundingAccount" name="deleteFundingAccount_withInvalidOTPSubmit" time="28.456"/>
  <system-out/>
  <testcase classname="SwimPay.negativeTests.negativeFundingAccount" name="editAndUpdate_fundingAccountDetailsWithInvalidAccountNumberData" time="24.258"/>
  <system-out/>
  <testcase classname="SwimPay.negativeTests.negativeFundingAccount" name="clickUserAccountNamefromDataList" time="16.979"/>
  <system-out/>
</testsuite> <!-- SwimPay.negativeTests.negativeFundingAccount -->
