<?xml version="1.0" encoding="UTF-8"?>
<!-- Generated by org.testng.reporters.JUnitReportReporter -->
<testsuite hostname="C102" failures="0" tests="2" name="SwimPay.positiveTests.profile" time="33.678" errors="0" timestamp="2024-05-06T16:26:55 IST" skipped="0">
  <testcase classname="SwimPay.positiveTests.profile" name="profileOptClick" time="16.533"/>
  <system-out/>
  <testcase classname="SwimPay.positiveTests.profile" name="profile_updateContactInfoClick" time="17.145"/>
  <system-out/>
</testsuite> <!-- SwimPay.positiveTests.profile -->
