<?xml version="1.0" encoding="UTF-8"?>
<!-- Generated by org.testng.reporters.JUnitReportReporter -->
<testsuite hostname="C102" failures="0" tests="18" name="SwimPay.positiveTests.balance_payIn" time="459.026" errors="0" timestamp="2024-05-03T10:58:02 IST" skipped="0">
  <testcase classname="SwimPay.positiveTests.balance_payIn" name="clickBalanceOpt" time="31.204"/>
  <system-out/>
  <testcase classname="SwimPay.positiveTests.balance_payIn" name="clickBal_payinOpt" time="23.058"/>
  <system-out/>
  <testcase classname="SwimPay.positiveTests.balance_payIn" name="balPayIn_provideValueIn_findField" time="15.493"/>
  <system-out/>
  <testcase classname="SwimPay.positiveTests.balance_payIn" name="balPayin_clickCountryCurrencyOpt_fromList" time="16.020"/>
  <system-out/>
  <testcase classname="SwimPay.positiveTests.balance_payIn" name="balPayin_currencyAvailableBalance" time="17.070"/>
  <system-out/>
  <testcase classname="SwimPay.positiveTests.balance_payIn" name="balPayin_clickPayCurrencyOpt_fromDetails" time="16.959"/>
  <system-out/>
  <testcase classname="SwimPay.positiveTests.balance_payIn" name="balPayin_clickConvertCurrencyOpt_fromDetails" time="15.850"/>
  <system-out/>
  <testcase classname="SwimPay.positiveTests.balance_payIn" name="balPayin_clickAddCurrencyOpt_fromDetails" time="19.346"/>
  <system-out/>
  <testcase classname="SwimPay.positiveTests.balance_payIn" name="balPayin_clickMyCurrencyAccountDetails" time="15.328"/>
  <system-out/>
  <testcase classname="SwimPay.positiveTests.balance_payIn" name="balPayIn_myCurrecyAccountDetailsCapture" time="16.771"/>
  <system-out/>
  <testcase classname="SwimPay.positiveTests.balance_payIn" name="balPayin_completedTransactionsByDate" time="33.409"/>
  <system-out/>
  <testcase classname="SwimPay.positiveTests.balance_payIn" name="balPayin_statementPreview" time="22.657"/>
  <system-out/>
  <testcase classname="SwimPay.positiveTests.balance_payIn" name="balPayin_createStatementRequest" time="58.652"/>
  <system-out/>
  <testcase classname="SwimPay.positiveTests.balance_payIn" name="balPayin_clickCountryCurrencyOpt_fromList_NewCurrencyPrint" time="27.990"/>
  <system-out/>
  <testcase classname="SwimPay.positiveTests.balance_payIn" name="balPayin_clickCountryCurrencyOpt_fromList_NewCurrencyClick" time="17.413"/>
  <system-out/>
  <testcase classname="SwimPay.positiveTests.balance_payIn" name="balPayin_PendingTransactionsByDate" time="33.324"/>
  <system-out/>
  <testcase classname="SwimPay.positiveTests.balance_payIn" name="balPayin_AutoConvertedTransactionsByDate" time="36.894"/>
  <system-out/>
  <testcase classname="SwimPay.positiveTests.balance_payIn" name="balPayin_RequestCSVFile" time="41.588"/>
  <system-out/>
</testsuite> <!-- SwimPay.positiveTests.balance_payIn -->
