<?xml version="1.0" encoding="UTF-8"?>
<!-- Generated by org.testng.reporters.JUnitReportReporter -->
<testsuite hostname="C102" failures="0" tests="18" name="SwimPay.positiveTests.balance_payIn" time="477.142" errors="0" timestamp="2024-04-26T12:21:59 IST" skipped="0">
  <testcase classname="SwimPay.positiveTests.balance_payIn" name="clickBalanceOpt" time="24.973"/>
  <system-out/>
  <testcase classname="SwimPay.positiveTests.balance_payIn" name="clickBal_payinOpt" time="20.401"/>
  <system-out/>
  <testcase classname="SwimPay.positiveTests.balance_payIn" name="balPayIn_provideValueIn_findField" time="21.893"/>
  <system-out/>
  <testcase classname="SwimPay.positiveTests.balance_payIn" name="balPayin_clickCountryCurrencyOpt_fromList" time="22.136"/>
  <system-out/>
  <testcase classname="SwimPay.positiveTests.balance_payIn" name="balPayin_currencyAvailableBalance" time="22.147"/>
  <system-out/>
  <testcase classname="SwimPay.positiveTests.balance_payIn" name="balPayin_clickPayCurrencyOpt_fromDetails" time="23.001"/>
  <system-out/>
  <testcase classname="SwimPay.positiveTests.balance_payIn" name="balPayin_clickConvertCurrencyOpt_fromDetails" time="24.232"/>
  <system-out/>
  <testcase classname="SwimPay.positiveTests.balance_payIn" name="balPayin_clickAddCurrencyOpt_fromDetails" time="23.268"/>
  <system-out/>
  <testcase classname="SwimPay.positiveTests.balance_payIn" name="balPayin_clickMyCurrencyAccountDetails" time="22.134"/>
  <system-out/>
  <testcase classname="SwimPay.positiveTests.balance_payIn" name="balPayIn_myCurrecyAccountDetailsCapture" time="24.524"/>
  <system-out/>
  <testcase classname="SwimPay.positiveTests.balance_payIn" name="balPayin_completedTransactionsByDate" time="34.280"/>
  <system-out/>
  <testcase classname="SwimPay.positiveTests.balance_payIn" name="balPayin_statementPreview" time="25.392"/>
  <system-out/>
  <testcase classname="SwimPay.positiveTests.balance_payIn" name="balPayin_createStatementRequest" time="40.482"/>
  <system-out/>
  <testcase classname="SwimPay.positiveTests.balance_payIn" name="balPayin_clickCountryCurrencyOpt_fromList_NewCurrencyPrint" time="21.322"/>
  <system-out/>
  <testcase classname="SwimPay.positiveTests.balance_payIn" name="balPayin_clickCountryCurrencyOpt_fromList_NewCurrencyClick" time="29.443"/>
  <system-out/>
  <testcase classname="SwimPay.positiveTests.balance_payIn" name="balPayin_PendingTransactionsByDate" time="33.701"/>
  <system-out/>
  <testcase classname="SwimPay.positiveTests.balance_payIn" name="balPayin_AutoConvertedTransactionsByDate" time="32.716"/>
  <system-out/>
  <testcase classname="SwimPay.positiveTests.balance_payIn" name="balPayin_RequestCSVFile" time="31.097"/>
  <system-out/>
</testsuite> <!-- SwimPay.positiveTests.balance_payIn -->
