<?xml version="1.0" encoding="UTF-8"?>
<!-- Generated by org.testng.reporters.JUnitReportReporter -->
<testsuite hostname="C102" failures="0" tests="15" name="SwimPay.positiveTests.balance_payOut" time="644.512" errors="0" timestamp="2024-05-03T10:58:02 IST" skipped="0">
  <testcase classname="SwimPay.positiveTests.balance_payOut" name="clickBalPayOutOpt" time="14.910"/>
  <system-out/>
  <testcase classname="SwimPay.positiveTests.balance_payOut" name="balOut_clickCountryCurrencyOpt_fromList" time="32.587"/>
  <system-out/>
  <testcase classname="SwimPay.positiveTests.balance_payOut" name="balOut_clickPayCurrencyOpt" time="36.517"/>
  <system-out/>
  <testcase classname="SwimPay.positiveTests.balance_payOut" name="balOut_clickConvertCurrencyOpt" time="32.743"/>
  <system-out/>
  <testcase classname="SwimPay.positiveTests.balance_payOut" name="balPayOut_currencyAvailableBalance" time="37.996"/>
  <system-out/>
  <testcase classname="SwimPay.positiveTests.balance_payOut" name="balPayOut_completeTransactiondisplay" time="82.074"/>
  <system-out/>
  <testcase classname="SwimPay.positiveTests.balance_payOut" name="balPayOut_viewStatementOptionBtn" time="35.736"/>
  <system-out/>
  <testcase classname="SwimPay.positiveTests.balance_payOut" name="balPayOut_completeTransactiondisplay_betweenDates" time="39.589"/>
  <system-out/>
  <testcase classname="SwimPay.positiveTests.balance_payOut" name="balPayOut_createStatement_byMonth" time="52.067"/>
  <system-out/>
  <testcase classname="SwimPay.positiveTests.balance_payOut" name="balPayOut_createStatement_byCustomDate" time="61.470"/>
  <system-out/>
  <testcase classname="SwimPay.positiveTests.balance_payOut" name="balPayOut_clickCountryCurrencyOpt_fromList_NewCurrencyPrint" time="33.938"/>
  <system-out/>
  <testcase classname="SwimPay.positiveTests.balance_payOut" name="balPayOut_clickCountryCurrencyOpt_fromList_NewCurrencyClick" time="41.822"/>
  <system-out/>
  <testcase classname="SwimPay.positiveTests.balance_payOut" name="balPayOut_PendingTransactionsByDate" time="47.296"/>
  <system-out/>
  <testcase classname="SwimPay.positiveTests.balance_payOut" name="balPayOut_AutoConvertedTransactionsByDate" time="47.872"/>
  <system-out/>
  <testcase classname="SwimPay.positiveTests.balance_payOut" name="balPayOut_RequestCSVFile" time="47.895"/>
  <system-out/>
</testsuite> <!-- SwimPay.positiveTests.balance_payOut -->
