<?xml version="1.0" encoding="UTF-8"?>
<!-- Generated by org.testng.reporters.JUnitReportReporter -->
<testsuite hostname="C102" failures="0" tests="15" name="SwimPay.positiveTests.balance_payOut" time="645.601" errors="0" timestamp="2024-05-06T16:26:55 IST" skipped="0">
  <testcase classname="SwimPay.positiveTests.balance_payOut" name="clickBalPayOutOpt" time="15.325"/>
  <system-out/>
  <testcase classname="SwimPay.positiveTests.balance_payOut" name="balOut_clickCountryCurrencyOpt_fromList" time="33.976"/>
  <system-out/>
  <testcase classname="SwimPay.positiveTests.balance_payOut" name="balOut_clickPayCurrencyOpt" time="36.644"/>
  <system-out/>
  <testcase classname="SwimPay.positiveTests.balance_payOut" name="balOut_clickConvertCurrencyOpt" time="44.765"/>
  <system-out/>
  <testcase classname="SwimPay.positiveTests.balance_payOut" name="balPayOut_currencyAvailableBalance" time="36.701"/>
  <system-out/>
  <testcase classname="SwimPay.positiveTests.balance_payOut" name="balPayOut_completeTransactiondisplay" time="83.990"/>
  <system-out/>
  <testcase classname="SwimPay.positiveTests.balance_payOut" name="balPayOut_viewStatementOptionBtn" time="34.887"/>
  <system-out/>
  <testcase classname="SwimPay.positiveTests.balance_payOut" name="balPayOut_completeTransactiondisplay_betweenDates" time="39.440"/>
  <system-out/>
  <testcase classname="SwimPay.positiveTests.balance_payOut" name="balPayOut_createStatement_byMonth" time="47.237"/>
  <system-out/>
  <testcase classname="SwimPay.positiveTests.balance_payOut" name="balPayOut_createStatement_byCustomDate" time="61.065"/>
  <system-out/>
  <testcase classname="SwimPay.positiveTests.balance_payOut" name="balPayOut_clickCountryCurrencyOpt_fromList_NewCurrencyPrint" time="31.976"/>
  <system-out/>
  <testcase classname="SwimPay.positiveTests.balance_payOut" name="balPayOut_clickCountryCurrencyOpt_fromList_NewCurrencyClick" time="30.807"/>
  <system-out/>
  <testcase classname="SwimPay.positiveTests.balance_payOut" name="balPayOut_PendingTransactionsByDate" time="45.749"/>
  <system-out/>
  <testcase classname="SwimPay.positiveTests.balance_payOut" name="balPayOut_AutoConvertedTransactionsByDate" time="47.736"/>
  <system-out/>
  <testcase classname="SwimPay.positiveTests.balance_payOut" name="balPayOut_RequestCSVFile" time="55.303"/>
  <system-out/>
</testsuite> <!-- SwimPay.positiveTests.balance_payOut -->
