<?xml version="1.0" encoding="UTF-8"?>
<!-- Generated by org.testng.reporters.JUnitReportReporter -->
<testsuite hostname="C102" failures="0" tests="15" name="SwimPay.positiveTests.balance_payOut" time="446.350" errors="0" timestamp="2024-04-26T12:38:35 IST" skipped="0">
  <testcase classname="SwimPay.positiveTests.balance_payOut" name="clickBalPayOutOpt" time="23.275"/>
  <system-out/>
  <testcase classname="SwimPay.positiveTests.balance_payOut" name="balOut_clickCountryCurrencyOpt_fromList" time="26.235"/>
  <system-out/>
  <testcase classname="SwimPay.positiveTests.balance_payOut" name="balOut_clickPayCurrencyOpt" time="23.238"/>
  <system-out/>
  <testcase classname="SwimPay.positiveTests.balance_payOut" name="balOut_clickConvertCurrencyOpt" time="25.713"/>
  <system-out/>
  <testcase classname="SwimPay.positiveTests.balance_payOut" name="balPayOut_currencyAvailableBalance" time="23.579"/>
  <system-out/>
  <testcase classname="SwimPay.positiveTests.balance_payOut" name="balPayOut_completeTransactiondisplay" time="36.983"/>
  <system-out/>
  <testcase classname="SwimPay.positiveTests.balance_payOut" name="balPayOut_viewStatementOptionBtn" time="31.505"/>
  <system-out/>
  <testcase classname="SwimPay.positiveTests.balance_payOut" name="balPayOut_completeTransactiondisplay_betweenDates" time="29.143"/>
  <system-out/>
  <testcase classname="SwimPay.positiveTests.balance_payOut" name="balPayOut_createStatement_byMonth" time="33.883"/>
  <system-out/>
  <testcase classname="SwimPay.positiveTests.balance_payOut" name="balPayOut_createStatement_byCustomDate" time="33.048"/>
  <system-out/>
  <testcase classname="SwimPay.positiveTests.balance_payOut" name="balPayin_clickCountryCurrencyOpt_fromList_NewCurrencyPrint" time="23.219"/>
  <system-out/>
  <testcase classname="SwimPay.positiveTests.balance_payOut" name="balPayin_clickCountryCurrencyOpt_fromList_NewCurrencyClick" time="25.032"/>
  <system-out/>
  <testcase classname="SwimPay.positiveTests.balance_payOut" name="balPayOut_PendingTransactionsByDate" time="38.144"/>
  <system-out/>
  <testcase classname="SwimPay.positiveTests.balance_payOut" name="balPayOut_AutoConvertedTransactionsByDate" time="39.175"/>
  <system-out/>
  <testcase classname="SwimPay.positiveTests.balance_payOut" name="balPayin_RequestCSVFile" time="34.178"/>
  <system-out/>
</testsuite> <!-- SwimPay.positiveTests.balance_payOut -->
