<?xml version="1.0" encoding="UTF-8"?>
<!-- Generated by org.testng.reporters.JUnitReportReporter -->
<testsuite hostname="C102" failures="0" tests="23" name="SwimPay.positiveTests.InvoicingTest" time="1345.198" errors="0" timestamp="2024-05-14T18:50:27 IST" skipped="0">
  <testcase classname="SwimPay.positiveTests.InvoicingTest" name="ClickOnInvoicingMenu" time="21.831"/>
  <system-out/>
  <testcase classname="SwimPay.positiveTests.InvoicingTest" name="ClickOnInstructionSubmenu" time="46.533"/>
  <system-out/>
  <testcase classname="SwimPay.positiveTests.InvoicingTest" name="ViewIntructionCheckList" time="32.267"/>
  <system-out/>
  <testcase classname="SwimPay.positiveTests.InvoicingTest" name="ClickOnCancelbuttonOnInstructionSubmenu" time="36.920"/>
  <system-out/>
  <testcase classname="SwimPay.positiveTests.InvoicingTest" name="ClickOnUploadFieldInInstructionSubmenu" time="32.982"/>
  <system-out/>
  <testcase classname="SwimPay.positiveTests.InvoicingTest" name="UploadDoucmentInInstructionSubmenu" time="35.062"/>
  <system-out/>
  <testcase classname="SwimPay.positiveTests.InvoicingTest" name="ClickOnUpdateLogoButtonInInstructionSubmenu" time="62.378"/>
  <system-out/>
  <testcase classname="SwimPay.positiveTests.InvoicingTest" name="ClickOnNextButton" time="71.337"/>
  <system-out/>
  <testcase classname="SwimPay.positiveTests.InvoicingTest" name="ClickOnCreateInvoiceSubmenu" time="30.084"/>
  <system-out/>
  <testcase classname="SwimPay.positiveTests.InvoicingTest" name="InsertPurchaseOrderAndDueDate" time="36.360"/>
  <system-out/>
  <testcase classname="SwimPay.positiveTests.InvoicingTest" name="InsertExternalCompanyDetails" time="45.363"/>
  <system-out/>
  <testcase classname="SwimPay.positiveTests.InvoicingTest" name="AddAndDeleteItemFields" time="67.529"/>
  <system-out/>
  <testcase classname="SwimPay.positiveTests.InvoicingTest" name="InsertCostAndQuantitydetails" time="95.604"/>
  <system-out/>
  <testcase classname="SwimPay.positiveTests.InvoicingTest" name="InsertNotes_Discount_Tax_details" time="107.481"/>
  <system-out/>
  <testcase classname="SwimPay.positiveTests.InvoicingTest" name="InsertAllDetailsAndClickOnNextButtonInCreateInvoiceSubmenu" time="116.939"/>
  <system-out/>
  <testcase classname="SwimPay.positiveTests.InvoicingTest" name="CreateAnInvoiceForSwimPayCustomer" time="129.079"/>
  <system-out/>
  <testcase classname="SwimPay.positiveTests.InvoicingTest" name="ClickOnInvoiceListSubmenu" time="65.029"/>
  <system-out/>
  <testcase classname="SwimPay.positiveTests.InvoicingTest" name="ClickOnCreateInvoiceButton" time="29.368"/>
  <system-out/>
  <testcase classname="SwimPay.positiveTests.InvoicingTest" name="InsertAllDetailsAndClickOnSearchButton" time="49.249"/>
  <system-out/>
  <testcase classname="SwimPay.positiveTests.InvoicingTest" name="ResetFilters" time="60.159"/>
  <system-out/>
  <testcase classname="SwimPay.positiveTests.InvoicingTest" name="ClickOnPreviewButton" time="64.117"/>
  <system-out/>
  <testcase classname="SwimPay.positiveTests.InvoicingTest" name="ClickOnEditButton" time="62.613"/>
  <system-out/>
  <testcase classname="SwimPay.positiveTests.InvoicingTest" name="EditInvoiceDetails" time="46.914"/>
  <system-out/>
</testsuite> <!-- SwimPay.positiveTests.InvoicingTest -->
