<?xml version="1.0" encoding="UTF-8"?>
<!-- Generated by org.testng.reporters.JUnitReportReporter -->
<testsuite hostname="C102" failures="0" tests="30" name="SwimPay.positiveTests.Bulk_Payment" time="1114.146" errors="0" timestamp="2024-05-03T19:10:01 IST" skipped="0">
  <testcase classname="SwimPay.positiveTests.Bulk_Payment" name="Bulkpaymentformenu" time="14.435"/>
  <system-out/>
  <testcase classname="SwimPay.positiveTests.Bulk_Payment" name="Referencenumber" time="32.363"/>
  <system-out/>
  <testcase classname="SwimPay.positiveTests.Bulk_Payment" name="FromDateCalendar" time="46.436"/>
  <system-out/>
  <testcase classname="SwimPay.positiveTests.Bulk_Payment" name="StatusField" time="33.296"/>
  <system-out/>
  <testcase classname="SwimPay.positiveTests.Bulk_Payment" name="PageArrowbutton" time="15.156"/>
  <system-out/>
  <testcase classname="SwimPay.positiveTests.Bulk_Payment" name="SearchButton" time="34.267"/>
  <system-out/>
  <testcase classname="SwimPay.positiveTests.Bulk_Payment" name="ExternalPayment" time="14.826"/>
  <system-out/>
  <testcase classname="SwimPay.positiveTests.Bulk_Payment" name="Amountpay" time="30.205"/>
  <system-out/>
  <testcase classname="SwimPay.positiveTests.Bulk_Payment" name="AlternativeCurrencyOpt" time="36.054"/>
  <system-out/>
  <testcase classname="SwimPay.positiveTests.Bulk_Payment" name="GetRate" time="34.684"/>
  <system-out/>
  <testcase classname="SwimPay.positiveTests.Bulk_Payment" name="Cancel" time="46.589"/>
  <system-out/>
  <testcase classname="SwimPay.positiveTests.Bulk_Payment" name="Accpect" time="61.316"/>
  <system-out/>
  <testcase classname="SwimPay.positiveTests.Bulk_Payment" name="mandatoryreference" time="53.897"/>
  <system-out/>
  <testcase classname="SwimPay.positiveTests.Bulk_Payment" name="ReasonCode" time="48.457"/>
  <system-out/>
  <testcase classname="SwimPay.positiveTests.Bulk_Payment" name="Multipay" time="56.517"/>
  <system-out/>
  <testcase classname="SwimPay.positiveTests.Bulk_Payment" name="MultipayAmount" time="73.711"/>
  <system-out/>
  <testcase classname="SwimPay.positiveTests.Bulk_Payment" name="PaynowCalncel" time="54.913"/>
  <system-out/>
  <testcase classname="SwimPay.positiveTests.Bulk_Payment" name="PaynowVerify" time="48.207"/>
  <system-out/>
  <testcase classname="SwimPay.positiveTests.Bulk_Payment" name="PayLetter" time="48.656"/>
  <system-out/>
  <testcase classname="SwimPay.positiveTests.Bulk_Payment" name="Pay" time="54.537"/>
  <system-out/>
  <testcase classname="SwimPay.positiveTests.Bulk_Payment" name="cancelbutton" time="25.854"/>
  <system-out/>
  <testcase classname="SwimPay.positiveTests.Bulk_Payment" name="WalletToWalletPayment" time="17.283"/>
  <system-out/>
  <testcase classname="SwimPay.positiveTests.Bulk_Payment" name="Paymentcurrency" time="23.789"/>
  <system-out/>
  <testcase classname="SwimPay.positiveTests.Bulk_Payment" name="AmountPay" time="25.015"/>
  <system-out/>
  <testcase classname="SwimPay.positiveTests.Bulk_Payment" name="Mandatoryreference" time="32.907"/>
  <system-out/>
  <testcase classname="SwimPay.positiveTests.Bulk_Payment" name="referenceCode" time="25.333"/>
  <system-out/>
  <testcase classname="SwimPay.positiveTests.Bulk_Payment" name="PayIn" time="31.840"/>
  <system-out/>
  <testcase classname="SwimPay.positiveTests.Bulk_Payment" name="PayInCalcelbutton" time="29.758"/>
  <system-out/>
  <testcase classname="SwimPay.positiveTests.Bulk_Payment" name="PayLaterButton1" time="36.814"/>
  <system-out/>
  <testcase classname="SwimPay.positiveTests.Bulk_Payment" name="Cancelbutton" time="27.031"/>
  <system-out/>
</testsuite> <!-- SwimPay.positiveTests.Bulk_Payment -->
