<?xml version="1.0" encoding="UTF-8"?>
<!-- Generated by org.testng.reporters.JUnitReportReporter -->
<testsuite hostname="C102" failures="0" tests="3" name="SwimPay.negativeTests.negativeBulkPayment" time="132.451" errors="0" timestamp="2024-05-06T17:01:06 IST" skipped="0">
  <testcase classname="SwimPay.negativeTests.negativeBulkPayment" name="InvalidReferencenumber" time="41.297"/>
  <system-out/>
  <testcase classname="SwimPay.negativeTests.negativeBulkPayment" name="PopUpMesaageCancle" time="44.615"/>
  <system-out/>
  <testcase classname="SwimPay.negativeTests.negativeBulkPayment" name="MultiPay" time="46.539"/>
  <system-out/>
</testsuite> <!-- SwimPay.negativeTests.negativeBulkPayment -->
