<?xml version="1.0" encoding="UTF-8"?>
<!-- Generated by org.testng.reporters.JUnitReportReporter -->
<testsuite hostname="C102" failures="0" tests="1" name="SwimPay.positiveTests.settings" time="22.160" errors="0" timestamp="2024-05-14T18:50:27 IST" skipped="0">
  <testcase classname="SwimPay.positiveTests.settings" name="updateSettings" time="22.160"/>
  <system-out/>
</testsuite> <!-- SwimPay.positiveTests.settings -->
