<?xml version="1.0" encoding="UTF-8"?>
<!-- Generated by org.testng.reporters.JUnitReportReporter -->
<testsuite hostname="C100-189s-iMac.local" failures="0" tests="1" name="SwimPay.positiveTests.SignUp" time="20.209" errors="0" timestamp="2023-06-01T15:27:04 IST" skipped="0">
  <testcase classname="SwimPay.positiveTests.SignUp" name="onbordingPage" time="20.209"/>
  <system-out/>
</testsuite> <!-- SwimPay.positiveTests.SignUp -->
