<?xml version="1.0" encoding="UTF-8"?>
<!-- Generated by org.testng.reporters.JUnitReportReporter -->
<testsuite hostname="C100-189s-iMac.local" failures="0" tests="19" name="SwimPay.positiveTests.dashboard" time="314.175" errors="0" timestamp="2023-12-06T15:46:13 IST" skipped="0">
  <testcase classname="SwimPay.positiveTests.dashboard" name="searchToDo_asAwaitingFundsAndClick" time="16.725"/>
  <system-out/>
  <testcase classname="SwimPay.positiveTests.dashboard" name="searchToDo_asCompletedConversionsToday" time="17.866"/>
  <system-out/>
  <testcase classname="SwimPay.positiveTests.dashboard" name="searchToDo_asFailedPaymentsAndClick" time="14.428"/>
  <system-out/>
  <testcase classname="SwimPay.positiveTests.dashboard" name="clickDashboradOptFromMenu" time="13.594"/>
  <system-out/>
  <testcase classname="SwimPay.positiveTests.dashboard" name="clickOnSwimPayLogo" time="17.818"/>
  <system-out/>
  <testcase classname="SwimPay.positiveTests.dashboard" name="clickMakeConversionOpt_fromDashBoardPage" time="13.039"/>
  <system-out/>
  <testcase classname="SwimPay.positiveTests.dashboard" name="captureCurrencyFromFixedCurrencyHeader_andClickOnRequestedCurrencyOpt" time="14.258"/>
  <system-out/>
  <testcase classname="SwimPay.positiveTests.dashboard" name="clickViewAccountOpt_fromDashBoardPage" time="11.445"/>
  <system-out/>
  <testcase classname="SwimPay.positiveTests.dashboard" name="searchToDo_asCompletedTransactionsTodayAndClick" time="15.468"/>
  <system-out/>
  <testcase classname="SwimPay.positiveTests.dashboard" name="clickCreatePaymentOpt_fromDashBoardPage" time="23.426"/>
  <system-out/>
  <testcase classname="SwimPay.positiveTests.dashboard" name="clickAddRecipientPayeeOpt_fromDashBoardPage" time="13.945"/>
  <system-out/>
  <testcase classname="SwimPay.positiveTests.dashboard" name="searchToDo_asCompletedTransactionssToday" time="14.501"/>
  <system-out/>
  <testcase classname="SwimPay.positiveTests.dashboard" name="searchToDo_asCompletedPaymentsTodayAndClick" time="19.021"/>
  <system-out/>
  <testcase classname="SwimPay.positiveTests.dashboard" name="searchToDo_asPendingTransactionAndClick" time="13.171"/>
  <system-out/>
  <testcase classname="SwimPay.positiveTests.dashboard" name="searchToDo_asCompletedConversionTodayAndClick" time="13.139"/>
  <system-out/>
  <testcase classname="SwimPay.positiveTests.dashboard" name="searchToDo_asPendingTrascation" time="22.880"/>
  <system-out/>
  <testcase classname="SwimPay.positiveTests.dashboard" name="searchToDo_asAwaitingFunds" time="13.427"/>
  <system-out/>
  <testcase classname="SwimPay.positiveTests.dashboard" name="searchToDo_asCompletedPaymentsToday" time="32.840"/>
  <system-out/>
  <testcase classname="SwimPay.positiveTests.dashboard" name="searchToDo_asFailedPayment" time="13.184"/>
  <system-out/>
</testsuite> <!-- SwimPay.positiveTests.dashboard -->
