<?xml version="1.0" encoding="UTF-8"?>
<!-- Generated by org.testng.reporters.JUnitReportReporter -->
<testsuite hostname="C102" failures="0" tests="1" name="SwimPay.positiveTests.accountInfo" time="67.556" errors="0" timestamp="2024-05-03T14:53:21 IST" skipped="0">
  <testcase classname="SwimPay.positiveTests.accountInfo" name="clickEnable_DisableOptForRequestedUserFromDataListOfAccounts_andClickYesOptFromPopup_VerifyUSer_EnableUserAgain" time="67.556"/>
  <system-out/>
</testsuite> <!-- SwimPay.positiveTests.accountInfo -->
