<?xml version="1.0" encoding="UTF-8"?>
<!-- Generated by org.testng.reporters.JUnitReportReporter -->
<testsuite hostname="C102" failures="0" tests="3" name="SwimPay.negativeTests.SignUp" time="177.038" errors="0" timestamp="2024-05-06T16:26:55 IST" skipped="0">
  <testcase classname="SwimPay.negativeTests.SignUp" name="submitOnboardingAccount" time="59.715"/>
  <system-out/>
  <testcase classname="SwimPay.negativeTests.SignUp" name="submitBlankOnBoardingAccount" time="58.362"/>
  <system-out/>
  <testcase classname="SwimPay.negativeTests.SignUp" name="submitOnboarding_with_Nonformat" time="58.961"/>
  <system-out/>
</testsuite> <!-- SwimPay.negativeTests.SignUp -->
