<?xml version="1.0" encoding="UTF-8"?>
<!-- Generated by org.testng.reporters.JUnitReportReporter -->
<testsuite hostname="C102" failures="0" tests="11" name="SwimPay.negativeTests.negativeFundingAccount" time="561.099" errors="1" timestamp="2024-05-06T16:26:55 IST" skipped="0">
  <testcase classname="SwimPay.negativeTests.negativeFundingAccount" name="addNew_submitMyBankDetailFormData_withBlankFields" time="21.643"/>
  <system-out/>
  <testcase classname="SwimPay.negativeTests.negativeFundingAccount" name="addNew_ValidateAccount_withoutSelectPaymentCheckBox" time="28.256"/>
  <system-out/>
  <testcase classname="SwimPay.negativeTests.negativeFundingAccount" name="addNew_submitAndValdiateBankAccountDetails_withoutDataProvideInPaymentFormFields" time="277.915">
    <error message="Expected condition failed: waiting for visibility of all [] (tried for 120 second(s) with 500 milliseconds interval)
Build info: version: &#039;4.20.0&#039;, revision: &#039;866c76ca80&#039;
System info: os.name: &#039;Windows 10&#039;, os.arch: &#039;amd64&#039;, os.version: &#039;10.0&#039;, java.version: &#039;17.0.10&#039;
Driver info: org.openqa.selenium.chrome.ChromeDriver
Capabilities {acceptInsecureCerts: false, browserName: chrome, browserVersion: 124.0.6367.119, chrome: {chromedriverVersion: 124.0.6367.91 (51df0e5e17a8..., userDataDir: C:\Users\pgargi\AppData\Loc...}, fedcm:accounts: true, goog:chromeOptions: {debuggerAddress: localhost:53775}, networkConnectionEnabled: false, pageLoadStrategy: normal, platformName: windows, proxy: Proxy(), se:cdp: ws://localhost:53775/devtoo..., se:cdpVersion: 124.0.6367.119, setWindowRect: true, strictFileInteractability: false, timeouts: {implicit: 0, pageLoad: 300000, script: 30000}, unhandledPromptBehavior: dismiss and notify, webauthn:extension:credBlob: true, webauthn:extension:largeBlob: true, webauthn:extension:minPinLength: true, webauthn:extension:prf: true, webauthn:virtualAuthenticators: true}
Session ID: fcb1f209da32e5a19627af5cdf9558a6" type="org.openqa.selenium.TimeoutException">
      <![CDATA[org.openqa.selenium.TimeoutException: Expected condition failed: waiting for visibility of all [] (tried for 120 second(s) with 500 milliseconds interval)
Build info: version: '4.20.0', revision: '866c76ca80'
System info: os.name: 'Windows 10', os.arch: 'amd64', os.version: '10.0', java.version: '17.0.10'
Driver info: org.openqa.selenium.chrome.ChromeDriver
Capabilities {acceptInsecureCerts: false, browserName: chrome, browserVersion: 124.0.6367.119, chrome: {chromedriverVersion: 124.0.6367.91 (51df0e5e17a8..., userDataDir: C:\Users\pgargi\AppData\Loc...}, fedcm:accounts: true, goog:chromeOptions: {debuggerAddress: localhost:53775}, networkConnectionEnabled: false, pageLoadStrategy: normal, platformName: windows, proxy: Proxy(), se:cdp: ws://localhost:53775/devtoo..., se:cdpVersion: 124.0.6367.119, setWindowRect: true, strictFileInteractability: false, timeouts: {implicit: 0, pageLoad: 300000, script: 30000}, unhandledPromptBehavior: dismiss and notify, webauthn:extension:credBlob: true, webauthn:extension:largeBlob: true, webauthn:extension:minPinLength: true, webauthn:extension:prf: true, webauthn:virtualAuthenticators: true}
Session ID: fcb1f209da32e5a19627af5cdf9558a6
at org.openqa.selenium.support.ui.WebDriverWait.timeoutException(WebDriverWait.java:84)
at org.openqa.selenium.support.ui.FluentWait.until(FluentWait.java:228)
at SwimPay.AbstractComponents.abstractComponentsMethods.waitTimeForWebElementListToAppear(abstractComponentsMethods.java:400)
at SwimPay.AbstractComponents.abstractComponentsMethods.fieldserrorsDisplay(abstractComponentsMethods.java:153)
at SwimPay.negativeTests.negativeFundingAccount.addNew_submitAndValdiateBankAccountDetails_withoutDataProvideInPaymentFormFields(negativeFundingAccount.java:91)
at java.base/jdk.internal.reflect.NativeMethodAccessorImpl.invoke0(Native Method)
at java.base/jdk.internal.reflect.NativeMethodAccessorImpl.invoke(NativeMethodAccessorImpl.java:77)
at java.base/jdk.internal.reflect.DelegatingMethodAccessorImpl.invoke(DelegatingMethodAccessorImpl.java:43)
at java.base/java.lang.reflect.Method.invoke(Method.java:568)
at org.testng.internal.MethodInvocationHelper.invokeMethod(MethodInvocationHelper.java:133)
at org.testng.internal.TestInvoker.invokeMethod(TestInvoker.java:598)
at org.testng.internal.TestInvoker.invokeTestMethod(TestInvoker.java:173)
at org.testng.internal.MethodRunner.runInSequence(MethodRunner.java:46)
at org.testng.internal.TestInvoker$MethodInvocationAgent.invoke(TestInvoker.java:824)
at org.testng.internal.TestInvoker.invokeTestMethods(TestInvoker.java:146)
at org.testng.internal.TestMethodWorker.invokeTestMethods(TestMethodWorker.java:146)
at org.testng.internal.TestMethodWorker.run(TestMethodWorker.java:128)
at java.base/java.util.ArrayList.forEach(ArrayList.java:1511)
at org.testng.TestRunner.privateRun(TestRunner.java:794)
at org.testng.TestRunner.run(TestRunner.java:596)
at org.testng.SuiteRunner.runTest(SuiteRunner.java:377)
at org.testng.SuiteRunner.runSequentially(SuiteRunner.java:371)
at org.testng.SuiteRunner.privateRun(SuiteRunner.java:332)
at org.testng.SuiteRunner.run(SuiteRunner.java:276)
at org.testng.SuiteRunnerWorker.runSuite(SuiteRunnerWorker.java:53)
at org.testng.SuiteRunnerWorker.run(SuiteRunnerWorker.java:96)
at org.testng.TestNG.runSuitesSequentially(TestNG.java:1212)
at org.testng.TestNG.runSuitesLocally(TestNG.java:1134)
at org.testng.TestNG.runSuites(TestNG.java:1063)
at org.testng.TestNG.run(TestNG.java:1031)
at org.testng.remote.AbstractRemoteTestNG.run(AbstractRemoteTestNG.java:115)
at org.testng.remote.RemoteTestNG.initAndRun(RemoteTestNG.java:293)
at org.testng.remote.RemoteTestNG.main(RemoteTestNG.java:91)
]]>
    </error>
  </testcase> <!-- addNew_submitAndValdiateBankAccountDetails_withoutDataProvideInPaymentFormFields -->
  <system-out/>
  <testcase classname="SwimPay.negativeTests.negativeFundingAccount" name="addNew_submitAndValdiateBankAccountDetails_withInvalidOTPSubmit" time="42.552"/>
  <system-out/>
  <testcase classname="SwimPay.negativeTests.negativeFundingAccount" name="addNewFunding_submitBankAccountDetailForm_withInvalidValues" time="29.226"/>
  <system-out/>
  <testcase classname="SwimPay.negativeTests.negativeFundingAccount" name="addNewFunding_withInvalidValueProvideAndSubmit" time="38.248"/>
  <system-out/>
  <testcase classname="SwimPay.negativeTests.negativeFundingAccount" name="clickEdit_andPerformUpdateDataWithInvalidData" time="26.454"/>
  <system-out/>
  <testcase classname="SwimPay.negativeTests.negativeFundingAccount" name="clickEdit_andPerformUpdateDataWithvalidData_andInavlidOTPSubmit" time="25.486"/>
  <system-out/>
  <testcase classname="SwimPay.negativeTests.negativeFundingAccount" name="deleteFundingAccount_withInvalidOTPSubmit" time="27.979"/>
  <system-out/>
  <testcase classname="SwimPay.negativeTests.negativeFundingAccount" name="editAndUpdate_fundingAccountDetailsWithInvalidAccountNumberData" time="26.841"/>
  <system-out/>
  <testcase classname="SwimPay.negativeTests.negativeFundingAccount" name="clickUserAccountNamefromDataList" time="16.499"/>
  <system-out/>
</testsuite> <!-- SwimPay.negativeTests.negativeFundingAccount -->
