<?xml version="1.0" encoding="UTF-8"?>
<!-- Generated by org.testng.reporters.JUnitReportReporter -->
<testsuite hostname="C102" failures="0" tests="5" name="SwimPay.negativeTests.negativePassword" time="45.391" errors="0" timestamp="2024-04-12T15:26:57 IST" skipped="0">
  <testcase classname="SwimPay.negativeTests.negativePassword" name="invalidEmailSubmit" time="8.948"/>
  <system-out/>
  <testcase classname="SwimPay.negativeTests.negativePassword" name="invalidPasswordValueRangeFormat" time="9.920"/>
  <system-out/>
  <testcase classname="SwimPay.negativeTests.negativePassword" name="misMatchNew_ConfirmPasswordValue" time="10.673"/>
  <system-out/>
  <testcase classname="SwimPay.negativeTests.negativePassword" name="wrongOTP_for_forgotPasswordEmail_Submit" time="9.468"/>
  <system-out/>
  <testcase classname="SwimPay.negativeTests.negativePassword" name="resetPassword_withWhiteSpaceData" time="6.382"/>
  <system-out/>
</testsuite> <!-- SwimPay.negativeTests.negativePassword -->
