<?xml version="1.0" encoding="UTF-8"?>
<!-- Generated by org.testng.reporters.JUnitReportReporter -->
<testsuite hostname="C102" failures="0" tests="4" name="SwimPay.positiveTests.forgot_resetPassword" time="254.672" errors="0" timestamp="2024-05-03T19:10:01 IST" skipped="0">
  <testcase classname="SwimPay.positiveTests.forgot_resetPassword" name="clickForgotPasswordOpt" time="59.372"/>
  <system-out/>
  <testcase classname="SwimPay.positiveTests.forgot_resetPassword" name="submitForgotPasswordEmail" time="68.935"/>
  <system-out/>
  <testcase classname="SwimPay.positiveTests.forgot_resetPassword" name="ResetPassword" time="66.877"/>
  <system-out/>
  <testcase classname="SwimPay.positiveTests.forgot_resetPassword" name="backToLoginPageFromForgotPasswordPage" time="59.488"/>
  <system-out/>
</testsuite> <!-- SwimPay.positiveTests.forgot_resetPassword -->
