<?xml version="1.0" encoding="UTF-8"?>
<!-- Generated by org.testng.reporters.JUnitReportReporter -->
<testsuite hostname="C102" failures="0" tests="20" name="SwimPay.positiveTests.fundingAccounts" time="613.394" errors="0" timestamp="2024-05-06T16:26:55 IST" skipped="0">
  <testcase classname="SwimPay.positiveTests.fundingAccounts" name="navigateToFundingAccount" time="24.271"/>
  <system-out/>
  <testcase classname="SwimPay.positiveTests.fundingAccounts" name="searchBankAccounts" time="14.846"/>
  <system-out/>
  <testcase classname="SwimPay.positiveTests.fundingAccounts" name="clickAddAccountBtn" time="13.398"/>
  <system-out/>
  <testcase classname="SwimPay.positiveTests.fundingAccounts" name="addNew_submitMyBankDetailFormData" time="22.305"/>
  <system-out/>
  <testcase classname="SwimPay.positiveTests.fundingAccounts" name="addNewFunding_submitAndValdiateBankAccountDetails" time="31.474"/>
  <system-out/>
  <testcase classname="SwimPay.positiveTests.fundingAccounts" name="addNew_submitMyBankDetailFormData_withIndividualBankTypeOpt" time="25.699"/>
  <system-out/>
  <testcase classname="SwimPay.positiveTests.fundingAccounts" name="addNewFunding_valdiateAndCreateBankAccountDetails_withIndividualBankTypeOpt" time="41.154"/>
  <system-out/>
  <testcase classname="SwimPay.positiveTests.fundingAccounts" name="addNewFunding_clickOnEditOpt" time="45.864"/>
  <system-out/>
  <testcase classname="SwimPay.positiveTests.fundingAccounts" name="addNewFunding_clickOnEditOpt_andUpdateDetails" time="53.739"/>
  <system-out/>
  <testcase classname="SwimPay.positiveTests.fundingAccounts" name="addNewFunding_deletenewSavedDetails" time="50.973"/>
  <system-out/>
  <testcase classname="SwimPay.positiveTests.fundingAccounts" name="addNewFunding_andClickPayOpt" time="35.994"/>
  <system-out/>
  <testcase classname="SwimPay.positiveTests.fundingAccounts" name="clickUserAccountNamefromDataList" time="17.544"/>
  <system-out/>
  <testcase classname="SwimPay.positiveTests.fundingAccounts" name="clickUsersAccountNameFromDataList_andClickPayBtnFromDetailPage" time="13.788"/>
  <system-out/>
  <testcase classname="SwimPay.positiveTests.fundingAccounts" name="clickUsersAccountNameFromDataList_andClickEditBtnFromDetailPage" time="16.294"/>
  <system-out/>
  <testcase classname="SwimPay.positiveTests.fundingAccounts" name="clickUsersAccountNameFromDataList_andClickDeleteBtnFromDetailPage" time="15.192"/>
  <system-out/>
  <testcase classname="SwimPay.positiveTests.fundingAccounts" name="clickEditOptForRequestedUser" time="18.933"/>
  <system-out/>
  <testcase classname="SwimPay.positiveTests.fundingAccounts" name="clickEditOptFromDataListForRequestedUser_andEditUpdateDetails" time="29.621"/>
  <system-out/>
  <testcase classname="SwimPay.positiveTests.fundingAccounts" name="clickPayOptFromDataListForRequestedUser" time="40.105"/>
  <system-out/>
  <testcase classname="SwimPay.positiveTests.fundingAccounts" name="clickPayOptFromDataListForRequestedUser_andPerformPayment" time="54.475"/>
  <system-out/>
  <testcase classname="SwimPay.positiveTests.fundingAccounts" name="clickDeleteOptForRequestedUserFromDataList_andPerformDeleteAction" time="47.725"/>
  <system-out/>
</testsuite> <!-- SwimPay.positiveTests.fundingAccounts -->
