<?xml version="1.0" encoding="UTF-8"?>
<!-- Generated by org.testng.reporters.JUnitReportReporter -->
<testsuite hostname="C102" failures="0" tests="5" name="SwimPay.negativeTests.negativeBulkPayment" time="236.961" errors="0" timestamp="2024-05-14T18:50:27 IST" skipped="0">
  <testcase classname="SwimPay.negativeTests.negativeBulkPayment" name="InvalidReferencenumber" time="22.601"/>
  <system-out/>
  <testcase classname="SwimPay.negativeTests.negativeBulkPayment" name="PopUpMesaageCancle" time="48.622"/>
  <system-out/>
  <testcase classname="SwimPay.negativeTests.negativeBulkPayment" name="Blank_and_special_characters_allow_in_Mandatoryreference" time="79.045"/>
  <system-out/>
  <testcase classname="SwimPay.negativeTests.negativeBulkPayment" name="Mandatoryreference_specialnumber_accpct" time="39.387"/>
  <system-out/>
  <testcase classname="SwimPay.negativeTests.negativeBulkPayment" name="Mandatoryreference_blankspace_accpct" time="47.306"/>
  <system-out/>
</testsuite> <!-- SwimPay.negativeTests.negativeBulkPayment -->
