<?xml version="1.0" encoding="UTF-8"?>
<!-- Generated by org.testng.reporters.JUnitReportReporter -->
<testsuite hostname="C100-189s-iMac.local" failures="0" tests="1" name="SwimPay.positiveTests.userLogin" time="19.335" errors="0" timestamp="2023-05-29T11:24:27 IST" skipped="0">
  <testcase classname="SwimPay.positiveTests.userLogin" name="login" time="19.335"/>
  <system-out/>
</testsuite> <!-- SwimPay.positiveTests.userLogin -->
