<?xml version="1.0" encoding="UTF-8"?>
<!-- Generated by org.testng.reporters.JUnitReportReporter -->
<testsuite hostname="C102" failures="0" tests="12" name="SwimPay.positiveTests.reports" time="281.584" errors="0" timestamp="2024-05-06T16:26:55 IST" skipped="0">
  <testcase classname="SwimPay.positiveTests.reports" name="clickOnReportsOpt" time="16.673"/>
  <system-out/>
  <testcase classname="SwimPay.positiveTests.reports" name="searchReportInvoiceMapByInvoiceNumber" time="18.365"/>
  <system-out/>
  <testcase classname="SwimPay.positiveTests.reports" name="searchReportInvoiceMapBySellerName" time="25.151"/>
  <system-out/>
  <testcase classname="SwimPay.positiveTests.reports" name="searchReportsInvoiceMapByBuyerName" time="24.976"/>
  <system-out/>
  <testcase classname="SwimPay.positiveTests.reports" name="searchReportsInvoiceMapByDateRange" time="30.261"/>
  <system-out/>
  <testcase classname="SwimPay.positiveTests.reports" name="reportsClickonBOL_CSVOPt" time="17.320"/>
  <system-out/>
  <testcase classname="SwimPay.positiveTests.reports" name="searchReportsBOL_CSVbyBCNNumber" time="17.999"/>
  <system-out/>
  <testcase classname="SwimPay.positiveTests.reports" name="searchReportsBOL_CSVbySellerNamee" time="23.464"/>
  <system-out/>
  <testcase classname="SwimPay.positiveTests.reports" name="searchReportsBOL_CSVbyBuyerNamee" time="26.901"/>
  <system-out/>
  <testcase classname="SwimPay.positiveTests.reports" name="searchReportsBOL_CSVByDateRangeBol" time="31.039"/>
  <system-out/>
  <testcase classname="SwimPay.positiveTests.reports" name="searchReportsBOL_CSVByDateRangeBuyer" time="23.462"/>
  <system-out/>
  <testcase classname="SwimPay.positiveTests.reports" name="searchReportsBOL_CSVByDateRangeSeller" time="25.973"/>
  <system-out/>
</testsuite> <!-- SwimPay.positiveTests.reports -->
