<?xml version="1.0" encoding="UTF-8"?>
<!-- Generated by org.testng.reporters.JUnitReportReporter -->
<testsuite hostname="C102" failures="0" tests="5" name="SwimPay.negativeTests.negativeLogin" time="322.689" errors="0" timestamp="2024-05-06T16:26:55 IST" skipped="0">
  <testcase classname="SwimPay.negativeTests.negativeLogin" name="invalidUserEmailLogin" time="78.440"/>
  <system-out/>
  <testcase classname="SwimPay.negativeTests.negativeLogin" name="invalidUserPasswordLogin" time="61.402"/>
  <system-out/>
  <testcase classname="SwimPay.negativeTests.negativeLogin" name="blankEmailSubmit" time="59.258"/>
  <system-out/>
  <testcase classname="SwimPay.negativeTests.negativeLogin" name="sensativeEmailLogin" time="62.251"/>
  <system-out/>
  <testcase classname="SwimPay.negativeTests.negativeLogin" name="invalid_OTP_userLogin" time="61.338"/>
  <system-out/>
</testsuite> <!-- SwimPay.negativeTests.negativeLogin -->
