<?xml version="1.0" encoding="UTF-8"?>
<!-- Generated by org.testng.reporters.JUnitReportReporter -->
<testsuite hostname="C100-96s-iMac.local" failures="0" tests="4" name="SwimPay.positiveTests.InvoicingTest" time="297.622" errors="0" timestamp="2024-04-19T14:34:16 IST" skipped="1">
  <testcase classname="SwimPay.positiveTests.InvoicingTest" name="UploadDoucmentInInstructionSubmenu" time="49.335"/>
  <system-out/>
  <testcase classname="SwimPay.positiveTests.InvoicingTest" name="ClickOnUpdateLogoButtonInInstructionSubmenu" time="86.892"/>
  <system-out/>
  <testcase classname="SwimPay.positiveTests.InvoicingTest" name="ClickOnNextButton" time="81.536">
    <skipped/>
  </testcase> <!-- ClickOnNextButton -->
  <system-out/>
  <testcase classname="SwimPay.positiveTests.InvoicingTest" name="ClickOnNextButton" time="79.859"/>
  <system-out/>
</testsuite> <!-- SwimPay.positiveTests.InvoicingTest -->
