<?xml version="1.0" encoding="UTF-8"?>
<!-- Generated by org.testng.reporters.JUnitReportReporter -->
<testsuite hostname="C102" failures="0" tests="3" name="SwimPay.negativeTests.negativeProfile" time="49.214" errors="0" timestamp="2024-05-14T18:50:27 IST" skipped="0">
  <testcase classname="SwimPay.negativeTests.negativeProfile" name="profileUpdateByInvalidPasswordFormat" time="16.118"/>
  <system-out/>
  <testcase classname="SwimPay.negativeTests.negativeProfile" name="profileChangePasswordBy_providingWrongOldPassword" time="17.649"/>
  <system-out/>
  <testcase classname="SwimPay.negativeTests.negativeProfile" name="profileChangePasswordByMis_MatchPasswordValues" time="15.447"/>
  <system-out/>
</testsuite> <!-- SwimPay.negativeTests.negativeProfile -->
