<?xml version="1.0" encoding="UTF-8"?>
<!-- Generated by org.testng.reporters.JUnitReportReporter -->
<testsuite hostname="C102" failures="0" tests="20" name="SwimPay.positiveTests.fundingAccounts" time="720.222" errors="0" timestamp="2024-04-25T19:29:51 IST" skipped="0">
  <testcase classname="SwimPay.positiveTests.fundingAccounts" name="navigateToFundingAccount" time="20.472"/>
  <system-out/>
  <testcase classname="SwimPay.positiveTests.fundingAccounts" name="searchBankAccounts" time="23.268"/>
  <system-out/>
  <testcase classname="SwimPay.positiveTests.fundingAccounts" name="clickAddAccountBtn" time="21.100"/>
  <system-out/>
  <testcase classname="SwimPay.positiveTests.fundingAccounts" name="addNew_submitMyBankDetailFormData" time="27.799"/>
  <system-out/>
  <testcase classname="SwimPay.positiveTests.fundingAccounts" name="addNewFunding_submitAndValdiateBankAccountDetails" time="37.877"/>
  <system-out/>
  <testcase classname="SwimPay.positiveTests.fundingAccounts" name="addNew_submitMyBankDetailFormData_withIndividualBankTypeOpt" time="32.361"/>
  <system-out/>
  <testcase classname="SwimPay.positiveTests.fundingAccounts" name="addNewFunding_valdiateAndCreateBankAccountDetails_withIndividualBankTypeOpt" time="52.815"/>
  <system-out/>
  <testcase classname="SwimPay.positiveTests.fundingAccounts" name="addNewFunding_clickOnEditOpt" time="59.593"/>
  <system-out/>
  <testcase classname="SwimPay.positiveTests.fundingAccounts" name="addNewFunding_clickOnEditOpt_andUpdateDetails" time="71.209"/>
  <system-out/>
  <testcase classname="SwimPay.positiveTests.fundingAccounts" name="addNewFunding_deletenewSavedDetails" time="66.770"/>
  <system-out/>
  <testcase classname="SwimPay.positiveTests.fundingAccounts" name="addNewFunding_andClickPayOpt" time="50.803"/>
  <system-out/>
  <testcase classname="SwimPay.positiveTests.fundingAccounts" name="clickUserAccountNamefromDataList" time="21.602"/>
  <system-out/>
  <testcase classname="SwimPay.positiveTests.fundingAccounts" name="clickUsersAccountNameFromDataList_andClickPayBtnFromDetailPage" time="22.868"/>
  <system-out/>
  <testcase classname="SwimPay.positiveTests.fundingAccounts" name="clickUsersAccountNameFromDataList_andClickEditBtnFromDetailPage" time="21.361"/>
  <system-out/>
  <testcase classname="SwimPay.positiveTests.fundingAccounts" name="clickUsersAccountNameFromDataList_andClickDeleteBtnFromDetailPage" time="22.625"/>
  <system-out/>
  <testcase classname="SwimPay.positiveTests.fundingAccounts" name="clickEditOptForRequestedUser" time="25.466"/>
  <system-out/>
  <testcase classname="SwimPay.positiveTests.fundingAccounts" name="clickEditOptFromDataListForRequestedUser_andEditUpdateDetails" time="38.833"/>
  <system-out/>
  <testcase classname="SwimPay.positiveTests.fundingAccounts" name="clickPayOptFromDataListForRequestedUser" time="30.446"/>
  <system-out/>
  <testcase classname="SwimPay.positiveTests.fundingAccounts" name="clickPayOptFromDataListForRequestedUser_andPerformPayment" time="47.342"/>
  <system-out/>
  <testcase classname="SwimPay.positiveTests.fundingAccounts" name="clickDeleteOptForRequestedUserFromDataList_andPerformDeleteAction" time="25.612"/>
  <system-out/>
</testsuite> <!-- SwimPay.positiveTests.fundingAccounts -->
