<?xml version="1.0" encoding="UTF-8"?>
<!-- Generated by org.testng.reporters.JUnitReportReporter -->
<testsuite hostname="C102" failures="0" tests="3" name="SwimPay.positiveTests.profile" time="55.295" errors="0" timestamp="2024-05-14T18:50:27 IST" skipped="0">
  <testcase classname="SwimPay.positiveTests.profile" name="profileOptClick" time="17.468"/>
  <system-out/>
  <testcase classname="SwimPay.positiveTests.profile" name="profile_updateContactInfoClick" time="16.646"/>
  <system-out/>
  <testcase classname="SwimPay.positiveTests.profile" name="changePassword" time="21.181"/>
  <system-out/>
</testsuite> <!-- SwimPay.positiveTests.profile -->
