<?xml version="1.0" encoding="UTF-8"?>
<!-- Generated by org.testng.reporters.JUnitReportReporter -->
<testsuite hostname="C102" failures="0" tests="1" name="SwimPay.positiveTests.payments" time="17.403" errors="0" timestamp="2024-05-06T16:26:55 IST" skipped="0">
  <testcase classname="SwimPay.positiveTests.payments" name="paymentsClick" time="17.403"/>
  <system-out/>
</testsuite> <!-- SwimPay.positiveTests.payments -->
