<?xml version="1.0" encoding="UTF-8"?>
<!-- Generated by org.testng.reporters.JUnitReportReporter -->
<testsuite hostname="C102" failures="0" tests="1" name="SwimPay.positiveTests.accountInfo" time="46.426" errors="0" timestamp="2024-05-06T17:07:47 IST" skipped="0">
  <testcase classname="SwimPay.positiveTests.accountInfo" name="clickEnable_DisableOptForRequestedUserFromDataListOfAccounts_andClickYesOptFromPopup_VerifyUser_YesOptionClick" time="46.426"/>
  <system-out/>
</testsuite> <!-- SwimPay.positiveTests.accountInfo -->
