<?xml version="1.0" encoding="UTF-8"?>
<!-- Generated by org.testng.reporters.JUnitReportReporter -->
<testsuite hostname="C102" failures="0" tests="23" name="SwimPay.positiveTests.InvoicingTest" time="1266.581" errors="0" timestamp="2024-05-03T10:58:02 IST" skipped="0">
  <testcase classname="SwimPay.positiveTests.InvoicingTest" name="ClickOnInvoicingMenu" time="67.687"/>
  <system-out/>
  <testcase classname="SwimPay.positiveTests.InvoicingTest" name="ClickOnInstructionSubmenu" time="48.006"/>
  <system-out/>
  <testcase classname="SwimPay.positiveTests.InvoicingTest" name="ViewIntructionCheckList" time="38.485"/>
  <system-out/>
  <testcase classname="SwimPay.positiveTests.InvoicingTest" name="ClickOnCancelbuttonOnInstructionSubmenu" time="34.751"/>
  <system-out/>
  <testcase classname="SwimPay.positiveTests.InvoicingTest" name="ClickOnUploadFieldInInstructionSubmenu" time="37.670"/>
  <system-out/>
  <testcase classname="SwimPay.positiveTests.InvoicingTest" name="UploadDoucmentInInstructionSubmenu" time="29.808"/>
  <system-out/>
  <testcase classname="SwimPay.positiveTests.InvoicingTest" name="ClickOnUpdateLogoButtonInInstructionSubmenu" time="65.277"/>
  <system-out/>
  <testcase classname="SwimPay.positiveTests.InvoicingTest" name="ClickOnNextButton" time="67.248"/>
  <system-out/>
  <testcase classname="SwimPay.positiveTests.InvoicingTest" name="ClickOnCreateInvoiceSubmenu" time="24.084"/>
  <system-out/>
  <testcase classname="SwimPay.positiveTests.InvoicingTest" name="InsertPurchaseOrderAndDueDate" time="28.643"/>
  <system-out/>
  <testcase classname="SwimPay.positiveTests.InvoicingTest" name="InsertExternalCompanyDetails" time="49.533"/>
  <system-out/>
  <testcase classname="SwimPay.positiveTests.InvoicingTest" name="AddAndDeleteItemFields" time="64.167"/>
  <system-out/>
  <testcase classname="SwimPay.positiveTests.InvoicingTest" name="InsertCostAndQuantitydetails" time="77.721"/>
  <system-out/>
  <testcase classname="SwimPay.positiveTests.InvoicingTest" name="InsertNotes_Discount_Tax_details" time="88.650"/>
  <system-out/>
  <testcase classname="SwimPay.positiveTests.InvoicingTest" name="InsertAllDetailsAndClickOnNextButtonInCreateInvoiceSubmenu" time="99.067"/>
  <system-out/>
  <testcase classname="SwimPay.positiveTests.InvoicingTest" name="CreateAnInvoiceForSwimPayCustomer" time="100.653"/>
  <system-out/>
  <testcase classname="SwimPay.positiveTests.InvoicingTest" name="ClickOnInvoiceListSubmenu" time="64.252"/>
  <system-out/>
  <testcase classname="SwimPay.positiveTests.InvoicingTest" name="ClickOnCreateInvoiceButton" time="24.345"/>
  <system-out/>
  <testcase classname="SwimPay.positiveTests.InvoicingTest" name="InsertAllDetailsAndClickOnSearchButton" time="51.383"/>
  <system-out/>
  <testcase classname="SwimPay.positiveTests.InvoicingTest" name="ResetFilters" time="54.038"/>
  <system-out/>
  <testcase classname="SwimPay.positiveTests.InvoicingTest" name="ClickOnPreviewButton" time="54.850"/>
  <system-out/>
  <testcase classname="SwimPay.positiveTests.InvoicingTest" name="ClickOnEditButton" time="57.778"/>
  <system-out/>
  <testcase classname="SwimPay.positiveTests.InvoicingTest" name="EditInvoiceDetails" time="38.485"/>
  <system-out/>
</testsuite> <!-- SwimPay.positiveTests.InvoicingTest -->
