<?xml version="1.0" encoding="UTF-8"?>
<!-- Generated by org.testng.reporters.JUnitReportReporter -->
<testsuite hostname="C102" failures="0" tests="30" name="SwimPay.positiveTests.Search" time="742.933" errors="0" timestamp="2024-05-06T16:26:55 IST" skipped="0">
  <testcase classname="SwimPay.positiveTests.Search" name="clickOnSearch" time="14.544"/>
  <system-out/>
  <testcase classname="SwimPay.positiveTests.Search" name="SearchConversionByReferenceNumber" time="29.862"/>
  <system-out/>
  <testcase classname="SwimPay.positiveTests.Search" name="SearchConversionByStatus" time="19.483"/>
  <system-out/>
  <testcase classname="SwimPay.positiveTests.Search" name="resetFilter_whileNoFiltersApplied" time="18.405"/>
  <system-out/>
  <testcase classname="SwimPay.positiveTests.Search" name="applyFilers_resetFilters" time="32.581"/>
  <system-out/>
  <testcase classname="SwimPay.positiveTests.Search" name="soldFrom_ToBaughtCurrency" time="76.898"/>
  <system-out/>
  <testcase classname="SwimPay.positiveTests.Search" name="conversionData_minimumSold" time="21.794"/>
  <system-out/>
  <testcase classname="SwimPay.positiveTests.Search" name="conversionData_MaximumSold" time="21.986"/>
  <system-out/>
  <testcase classname="SwimPay.positiveTests.Search" name="conversionData_minMaxSold" time="22.194"/>
  <system-out/>
  <testcase classname="SwimPay.positiveTests.Search" name="conversion_minBaught" time="22.075"/>
  <system-out/>
  <testcase classname="SwimPay.positiveTests.Search" name="conversion_maxBaught" time="22.912"/>
  <system-out/>
  <testcase classname="SwimPay.positiveTests.Search" name="coversion_minMaxBaught" time="24.691"/>
  <system-out/>
  <testcase classname="SwimPay.positiveTests.Search" name="conversion_minMax_soldBaught" time="22.927"/>
  <system-out/>
  <testcase classname="SwimPay.positiveTests.Search" name="searchPayment" time="15.113"/>
  <system-out/>
  <testcase classname="SwimPay.positiveTests.Search" name="searchPaymentBYReferenceNumber" time="32.232"/>
  <system-out/>
  <testcase classname="SwimPay.positiveTests.Search" name="searchPaymentByDateType" time="24.410"/>
  <system-out/>
  <testcase classname="SwimPay.positiveTests.Search" name="searchPaymentByStatus" time="25.321"/>
  <system-out/>
  <testcase classname="SwimPay.positiveTests.Search" name="searchPaymentByMinAmmount" time="25.633"/>
  <system-out/>
  <testcase classname="SwimPay.positiveTests.Search" name="searchPaymentByMaxAmount" time="21.179"/>
  <system-out/>
  <testcase classname="SwimPay.positiveTests.Search" name="searchPaymentByMinMaxAmount" time="21.627"/>
  <system-out/>
  <testcase classname="SwimPay.positiveTests.Search" name="searchPaymentByCurrency" time="22.689"/>
  <system-out/>
  <testcase classname="SwimPay.positiveTests.Search" name="searchPaymentByFilters" time="22.414"/>
  <system-out/>
  <testcase classname="SwimPay.positiveTests.Search" name="searchTransactionOption" time="14.354"/>
  <system-out/>
  <testcase classname="SwimPay.positiveTests.Search" name="searchTransactionByReferecneNumber" time="26.741"/>
  <system-out/>
  <testcase classname="SwimPay.positiveTests.Search" name="searchTransactionByDateType" time="22.539"/>
  <system-out/>
  <testcase classname="SwimPay.positiveTests.Search" name="searchTransactionByStatusFilter" time="20.974"/>
  <system-out/>
  <testcase classname="SwimPay.positiveTests.Search" name="searchTransactionByMinAmount" time="29.629"/>
  <system-out/>
  <testcase classname="SwimPay.positiveTests.Search" name="searchTransactionByMaxAmount" time="23.846"/>
  <system-out/>
  <testcase classname="SwimPay.positiveTests.Search" name="searchTransactionnByMinMaxAmount" time="22.683"/>
  <system-out/>
  <testcase classname="SwimPay.positiveTests.Search" name="searchTranactionByCurrencyType" time="21.197"/>
  <system-out/>
</testsuite> <!-- SwimPay.positiveTests.Search -->
