<?xml version="1.0" encoding="UTF-8"?>
<!-- Generated by org.testng.reporters.JUnitReportReporter -->
<testsuite hostname="C102" failures="0" tests="12" name="SwimPay.negativeTests.NegativeInvoicingTest" time="746.726" errors="0" timestamp="2024-05-03T10:58:02 IST" skipped="0">
  <testcase classname="SwimPay.negativeTests.NegativeInvoicingTest" name="UploadPDFDocument" time="61.793"/>
  <system-out/>
  <testcase classname="SwimPay.negativeTests.NegativeInvoicingTest" name="UploadDOCDocument" time="54.428"/>
  <system-out/>
  <testcase classname="SwimPay.negativeTests.NegativeInvoicingTest" name="UploadCSVDocument" time="65.575"/>
  <system-out/>
  <testcase classname="SwimPay.negativeTests.NegativeInvoicingTest" name="ClickOnUpdateLogoButtonInInstructionSubmenu" time="82.271"/>
  <system-out/>
  <testcase classname="SwimPay.negativeTests.NegativeInvoicingTest" name="CreateAnInvoiceForSwimPayCustomer" time="40.162"/>
  <system-out/>
  <testcase classname="SwimPay.negativeTests.NegativeInvoicingTest" name="InsertInvalidDate" time="60.149"/>
  <system-out/>
  <testcase classname="SwimPay.negativeTests.NegativeInvoicingTest" name="CreateAnInvoiceForSwimPayCustomerwithInvalidCustomerName" time="37.371"/>
  <system-out/>
  <testcase classname="SwimPay.negativeTests.NegativeInvoicingTest" name="InsertCostAndQuantitydetails" time="75.652"/>
  <system-out/>
  <testcase classname="SwimPay.negativeTests.NegativeInvoicingTest" name="InsertNotes_Discount_Tax_details" time="95.456"/>
  <system-out/>
  <testcase classname="SwimPay.negativeTests.NegativeInvoicingTest" name="InsertInvalidDetailsAndVerifySearchBtnIsEnabled" time="39.459"/>
  <system-out/>
  <testcase classname="SwimPay.negativeTests.NegativeInvoicingTest" name="InsertInvalidDatesInFromField" time="55.986"/>
  <system-out/>
  <testcase classname="SwimPay.negativeTests.NegativeInvoicingTest" name="InsertInvalidDatesInToField" time="78.424"/>
  <system-out/>
</testsuite> <!-- SwimPay.negativeTests.NegativeInvoicingTest -->
