<?xml version="1.0" encoding="UTF-8"?>
<!-- Generated by org.testng.reporters.JUnitReportReporter -->
<testsuite hostname="C102" failures="0" tests="3" name="SwimPay.positiveTests.profile" time="48.664" errors="0" timestamp="2024-04-23T09:22:51 IST" skipped="0">
  <testcase classname="SwimPay.positiveTests.profile" name="profileOptClick" time="23.237"/>
  <system-out/>
  <testcase classname="SwimPay.positiveTests.profile" name="profile_updateContactInfoClick" time="10.766"/>
  <system-out/>
  <testcase classname="SwimPay.positiveTests.profile" name="changePassword" time="14.661"/>
  <system-out/>
</testsuite> <!-- SwimPay.positiveTests.profile -->
