<?xml version="1.0" encoding="UTF-8"?>
<!-- Generated by org.testng.reporters.JUnitReportReporter -->
<testsuite hostname="C102" failures="0" tests="4" name="SwimPay.positiveTests.forgot_resetPassword" time="249.672" errors="0" timestamp="2024-05-06T16:26:55 IST" skipped="0">
  <testcase classname="SwimPay.positiveTests.forgot_resetPassword" name="clickForgotPasswordOpt" time="59.817"/>
  <system-out/>
  <testcase classname="SwimPay.positiveTests.forgot_resetPassword" name="submitForgotPasswordEmail" time="65.276"/>
  <system-out/>
  <testcase classname="SwimPay.positiveTests.forgot_resetPassword" name="ResetPassword" time="65.102"/>
  <system-out/>
  <testcase classname="SwimPay.positiveTests.forgot_resetPassword" name="backToLoginPageFromForgotPasswordPage" time="59.477"/>
  <system-out/>
</testsuite> <!-- SwimPay.positiveTests.forgot_resetPassword -->
