<?xml version="1.0" encoding="UTF-8"?>
<!-- Generated by org.testng.reporters.JUnitReportReporter -->
<testsuite hostname="C102" failures="0" tests="15" name="SwimPay.positiveTests.balance_payOut" time="612.744" errors="0" timestamp="2024-05-14T18:50:27 IST" skipped="0">
  <testcase classname="SwimPay.positiveTests.balance_payOut" name="clickBalPayOutOpt" time="15.182"/>
  <system-out/>
  <testcase classname="SwimPay.positiveTests.balance_payOut" name="balOut_clickCountryCurrencyOpt_fromList" time="33.252"/>
  <system-out/>
  <testcase classname="SwimPay.positiveTests.balance_payOut" name="balOut_clickPayCurrencyOpt" time="34.279"/>
  <system-out/>
  <testcase classname="SwimPay.positiveTests.balance_payOut" name="balOut_clickConvertCurrencyOpt" time="31.465"/>
  <system-out/>
  <testcase classname="SwimPay.positiveTests.balance_payOut" name="balPayOut_currencyAvailableBalance" time="29.688"/>
  <system-out/>
  <testcase classname="SwimPay.positiveTests.balance_payOut" name="balPayOut_completeTransactiondisplay" time="82.873"/>
  <system-out/>
  <testcase classname="SwimPay.positiveTests.balance_payOut" name="balPayOut_viewStatementOptionBtn" time="34.209"/>
  <system-out/>
  <testcase classname="SwimPay.positiveTests.balance_payOut" name="balPayOut_completeTransactiondisplay_betweenDates" time="39.892"/>
  <system-out/>
  <testcase classname="SwimPay.positiveTests.balance_payOut" name="balPayOut_createStatement_byMonth" time="50.747"/>
  <system-out/>
  <testcase classname="SwimPay.positiveTests.balance_payOut" name="balPayOut_createStatement_byCustomDate" time="60.836"/>
  <system-out/>
  <testcase classname="SwimPay.positiveTests.balance_payOut" name="balPayOut_clickCountryCurrencyOpt_fromList_NewCurrencyPrint" time="30.449"/>
  <system-out/>
  <testcase classname="SwimPay.positiveTests.balance_payOut" name="balPayOut_clickCountryCurrencyOpt_fromList_NewCurrencyClick" time="33.254"/>
  <system-out/>
  <testcase classname="SwimPay.positiveTests.balance_payOut" name="balPayOut_PendingTransactionsByDate" time="44.969"/>
  <system-out/>
  <testcase classname="SwimPay.positiveTests.balance_payOut" name="balPayOut_AutoConvertedTransactionsByDate" time="46.645"/>
  <system-out/>
  <testcase classname="SwimPay.positiveTests.balance_payOut" name="balPayOut_RequestCSVFile" time="45.004"/>
  <system-out/>
</testsuite> <!-- SwimPay.positiveTests.balance_payOut -->
