<?xml version="1.0" encoding="UTF-8"?>
<!-- Generated by org.testng.reporters.JUnitReportReporter -->
<testsuite hostname="C102" failures="0" tests="12" name="SwimPay.negativeTests.NegativeInvoicingTest" time="711.711" errors="0" timestamp="2024-05-14T18:50:27 IST" skipped="0">
  <testcase classname="SwimPay.negativeTests.NegativeInvoicingTest" name="UploadPDFDocument" time="57.173"/>
  <system-out/>
  <testcase classname="SwimPay.negativeTests.NegativeInvoicingTest" name="UploadDOCDocument" time="55.887"/>
  <system-out/>
  <testcase classname="SwimPay.negativeTests.NegativeInvoicingTest" name="UploadCSVDocument" time="58.326"/>
  <system-out/>
  <testcase classname="SwimPay.negativeTests.NegativeInvoicingTest" name="ClickOnUpdateLogoButtonInInstructionSubmenu" time="48.333"/>
  <system-out/>
  <testcase classname="SwimPay.negativeTests.NegativeInvoicingTest" name="CreateAnInvoiceForSwimPayCustomer" time="27.514"/>
  <system-out/>
  <testcase classname="SwimPay.negativeTests.NegativeInvoicingTest" name="InsertInvalidDate" time="34.591"/>
  <system-out/>
  <testcase classname="SwimPay.negativeTests.NegativeInvoicingTest" name="CreateAnInvoiceForSwimPayCustomerwithInvalidCustomerName" time="51.366"/>
  <system-out/>
  <testcase classname="SwimPay.negativeTests.NegativeInvoicingTest" name="InsertCostAndQuantitydetails" time="100.307"/>
  <system-out/>
  <testcase classname="SwimPay.negativeTests.NegativeInvoicingTest" name="InsertNotes_Discount_Tax_details" time="122.406"/>
  <system-out/>
  <testcase classname="SwimPay.negativeTests.NegativeInvoicingTest" name="InsertInvalidDetailsAndVerifySearchBtnIsEnabled" time="55.196"/>
  <system-out/>
  <testcase classname="SwimPay.negativeTests.NegativeInvoicingTest" name="InsertInvalidDatesInFromField" time="50.280"/>
  <system-out/>
  <testcase classname="SwimPay.negativeTests.NegativeInvoicingTest" name="InsertInvalidDatesInToField" time="50.332"/>
  <system-out/>
</testsuite> <!-- SwimPay.negativeTests.NegativeInvoicingTest -->
