<?xml version="1.0" encoding="UTF-8"?>
<!-- Generated by org.testng.reporters.JUnitReportReporter -->
<testsuite hostname="C102" failures="0" tests="5" name="SwimPay.negativeTests.negativeLogin" time="388.027" errors="0" timestamp="2024-05-03T19:10:01 IST" skipped="0">
  <testcase classname="SwimPay.negativeTests.negativeLogin" name="invalidUserEmailLogin" time="56.775"/>
  <system-out/>
  <testcase classname="SwimPay.negativeTests.negativeLogin" name="invalidUserPasswordLogin" time="57.258"/>
  <system-out/>
  <testcase classname="SwimPay.negativeTests.negativeLogin" name="blankEmailSubmit" time="59.738"/>
  <system-out/>
  <testcase classname="SwimPay.negativeTests.negativeLogin" name="sensativeEmailLogin" time="62.142"/>
  <system-out/>
  <testcase classname="SwimPay.negativeTests.negativeLogin" name="invalid_OTP_userLogin" time="152.114"/>
  <system-out/>
</testsuite> <!-- SwimPay.negativeTests.negativeLogin -->
