<?xml version="1.0" encoding="UTF-8"?>
<!-- Generated by org.testng.reporters.JUnitReportReporter -->
<testsuite hostname="C102" failures="0" tests="1" name="SwimPay.positiveTests.profile" time="18.265" errors="0" timestamp="2024-04-26T09:28:56 IST" skipped="0">
  <testcase classname="SwimPay.positiveTests.profile" name="changePassword" time="18.265"/>
  <system-out/>
</testsuite> <!-- SwimPay.positiveTests.profile -->
