<?xml version="1.0" encoding="UTF-8"?>
<!-- Generated by org.testng.reporters.JUnitReportReporter -->
<testsuite hostname="C102" failures="0" tests="1" name="SwimPay.positiveTests.userLogin_logout" time="8.076" errors="0" timestamp="2024-04-15T17:41:55 IST" skipped="0">
  <testcase classname="SwimPay.positiveTests.userLogin_logout" name="userLogin" time="8.076"/>
  <system-out/>
</testsuite> <!-- SwimPay.positiveTests.userLogin_logout -->
