<?xml version="1.0" encoding="UTF-8"?>
<!-- Generated by org.testng.reporters.JUnitReportReporter -->
<testsuite hostname="C102" failures="0" tests="10" name="SwimPay.positiveTests.accountInfo" time="264.859" errors="0" timestamp="2024-04-25T19:29:51 IST" skipped="0">
  <testcase classname="SwimPay.positiveTests.accountInfo" name="clickAccountInfoOpt" time="23.306"/>
  <system-out/>
  <testcase classname="SwimPay.positiveTests.accountInfo" name="findrequestedAccountName_andClick" time="26.897"/>
  <system-out/>
  <testcase classname="SwimPay.positiveTests.accountInfo" name="findrequestedAccountName_andClickArrowDownIcon_captureDisplayedcurrencyData" time="24.599"/>
  <system-out/>
  <testcase classname="SwimPay.positiveTests.accountInfo" name="clickRequestedLastNameFromDataListFromAccountInformationSection" time="29.694"/>
  <system-out/>
  <testcase classname="SwimPay.positiveTests.accountInfo" name="clickRequestedFirstNameFromDataListFromAccountInformationSection" time="23.816"/>
  <system-out/>
  <testcase classname="SwimPay.positiveTests.accountInfo" name="clickAccountInformationOpt_fromAccountDetailsSection" time="22.927"/>
  <system-out/>
  <testcase classname="SwimPay.positiveTests.accountInfo" name="clickDisplayApplicationFormBtn_fromAccountInformationPage" time="27.350"/>
  <system-out/>
  <testcase classname="SwimPay.positiveTests.accountInfo" name="clickDisplayApplicationFormBtn_fromAccountInformationPage_andCaptureApplicationFormData" time="29.717"/>
  <system-out/>
  <testcase classname="SwimPay.positiveTests.accountInfo" name="clickEnable_DisableOptForRequestedUserFromDataListOfAccounts_andClickYesOptFromPopup" time="29.970"/>
  <system-out/>
  <testcase classname="SwimPay.positiveTests.accountInfo" name="clickEnable_DisableOptForRequestedUserFromDataListOfAccounts_andClickNoOptFromPopup" time="26.583"/>
  <system-out/>
</testsuite> <!-- SwimPay.positiveTests.accountInfo -->
