<?xml version="1.0" encoding="UTF-8"?>
<!-- Generated by org.testng.reporters.JUnitReportReporter -->
<testsuite hostname="C102" failures="0" tests="29" name="SwimPay.positiveTests.fxConversion" time="859.720" errors="0" timestamp="2024-05-06T16:26:55 IST" skipped="0">
  <testcase classname="SwimPay.positiveTests.fxConversion" name="clickOnSearch" time="16.720"/>
  <system-out/>
  <testcase classname="SwimPay.positiveTests.fxConversion" name="fxConversionCancelProcess_FromCurrency_Amountsection" time="14.995"/>
  <system-out/>
  <testcase classname="SwimPay.positiveTests.fxConversion" name="submitCurrency_AccountDetails" time="27.870"/>
  <system-out/>
  <testcase classname="SwimPay.positiveTests.fxConversion" name="fxConversionCancelProcess_FromCurrency_Amountsection_whenDataProvided" time="24.053"/>
  <system-out/>
  <testcase classname="SwimPay.positiveTests.fxConversion" name="fxConversionconvert" time="34.996"/>
  <system-out/>
  <testcase classname="SwimPay.positiveTests.fxConversion" name="fxConversionCancelProcess_fromQuoteSection" time="29.638"/>
  <system-out/>
  <testcase classname="SwimPay.positiveTests.fxConversion" name="fxConversionByAmountToBuy" time="38.075"/>
  <system-out/>
  <testcase classname="SwimPay.positiveTests.fxConversion" name="fxConversionByAmountToSell" time="36.128"/>
  <system-out/>
  <testcase classname="SwimPay.positiveTests.fxConversion" name="fxConversionCancelProcess_fromOTPStep" time="30.745"/>
  <system-out/>
  <testcase classname="SwimPay.positiveTests.fxConversion" name="fxConversionBackBtnClick_fromQuoteSection" time="28.843"/>
  <system-out/>
  <testcase classname="SwimPay.positiveTests.fxConversion" name="fxConversion_clickRequoteOpt" time="49.003"/>
  <system-out/>
  <testcase classname="SwimPay.positiveTests.fxConversion" name="fxConversion_clickMakePaymentOpt" time="34.747"/>
  <system-out/>
  <testcase classname="SwimPay.positiveTests.fxConversion" name="fxConversion_clickPayLaterOpt" time="36.804"/>
  <system-out/>
  <testcase classname="SwimPay.positiveTests.fxConversion" name="fxConversion_clickMakeAnotherconversionOpt" time="39.028"/>
  <system-out/>
  <testcase classname="SwimPay.positiveTests.fxConversion" name="fxConversion_clickViewDashboardOpt" time="40.021"/>
  <system-out/>
  <testcase classname="SwimPay.positiveTests.fxConversion" name="fxConversionPayOutOption" time="16.386"/>
  <system-out/>
  <testcase classname="SwimPay.positiveTests.fxConversion" name="SellCurrecy" time="19.985"/>
  <system-out/>
  <testcase classname="SwimPay.positiveTests.fxConversion" name="BuyCurrecy" time="24.046"/>
  <system-out/>
  <testcase classname="SwimPay.positiveTests.fxConversion" name="AmountToselectBuyoption" time="21.259"/>
  <system-out/>
  <testcase classname="SwimPay.positiveTests.fxConversion" name="WriteAmount" time="19.803"/>
  <system-out/>
  <testcase classname="SwimPay.positiveTests.fxConversion" name="Get_a_Quote" time="24.190"/>
  <system-out/>
  <testcase classname="SwimPay.positiveTests.fxConversion" name="CancelButton" time="23.841"/>
  <system-out/>
  <testcase classname="SwimPay.positiveTests.fxConversion" name="fxConversionByAmountBuy" time="30.607"/>
  <system-out/>
  <testcase classname="SwimPay.positiveTests.fxConversion" name="fxConversionBackBtnClick_fromQuote" time="24.876"/>
  <system-out/>
  <testcase classname="SwimPay.positiveTests.fxConversion" name="PayoutRequoteOpt" time="41.942"/>
  <system-out/>
  <testcase classname="SwimPay.positiveTests.fxConversion" name="PayOutclickMakePaymentOpt" time="31.764"/>
  <system-out/>
  <testcase classname="SwimPay.positiveTests.fxConversion" name="PayOutclickPayLaterOpt" time="35.049"/>
  <system-out/>
  <testcase classname="SwimPay.positiveTests.fxConversion" name="PayOutclickMakeAnotherconversionOpt" time="33.669"/>
  <system-out/>
  <testcase classname="SwimPay.positiveTests.fxConversion" name="fxConversionPayOut_clickViewDashboardOpt" time="30.637"/>
  <system-out/>
</testsuite> <!-- SwimPay.positiveTests.fxConversion -->
