<?xml version="1.0" encoding="UTF-8"?>
<!-- Generated by org.testng.reporters.JUnitReportReporter -->
<testsuite hostname="C102" failures="0" tests="9" name="SwimPay.negativeTests.NegativeInvoicingTest" time="387.901" errors="0" timestamp="2024-04-25T19:29:51 IST" skipped="0">
  <testcase classname="SwimPay.negativeTests.NegativeInvoicingTest" name="ClickOnUpdateLogoButtonInInstructionSubmenu" time="38.040"/>
  <system-out/>
  <testcase classname="SwimPay.negativeTests.NegativeInvoicingTest" name="CreateAnInvoiceForSwimPayCustomer" time="25.593"/>
  <system-out/>
  <testcase classname="SwimPay.negativeTests.NegativeInvoicingTest" name="InsertInvalidDate" time="27.331"/>
  <system-out/>
  <testcase classname="SwimPay.negativeTests.NegativeInvoicingTest" name="CreateAnInvoiceForSwimPayCustomerwithInvalidCustomerName" time="32.746"/>
  <system-out/>
  <testcase classname="SwimPay.negativeTests.NegativeInvoicingTest" name="InsertCostAndQuantitydetails" time="72.385"/>
  <system-out/>
  <testcase classname="SwimPay.negativeTests.NegativeInvoicingTest" name="InsertNotes_Discount_Tax_details" time="79.932"/>
  <system-out/>
  <testcase classname="SwimPay.negativeTests.NegativeInvoicingTest" name="InsertAllDetailsAndClickOnSearchButton" time="35.348"/>
  <system-out/>
  <testcase classname="SwimPay.negativeTests.NegativeInvoicingTest" name="InsertInvalidDatesInFromField" time="37.704"/>
  <system-out/>
  <testcase classname="SwimPay.negativeTests.NegativeInvoicingTest" name="InsertInvalidDatesInToField" time="38.822"/>
  <system-out/>
</testsuite> <!-- SwimPay.negativeTests.NegativeInvoicingTest -->
