<?xml version="1.0" encoding="UTF-8"?>
<!-- Generated by org.testng.reporters.JUnitReportReporter -->
<testsuite hostname="C102" failures="0" tests="9" name="SwimPay.negativeTests.negativeFXconversion" time="241.609" errors="0" timestamp="2024-05-03T19:10:00 IST" skipped="0">
  <testcase classname="SwimPay.negativeTests.negativeFXconversion" name="submitCurrencies_AmountWith_Amount0" time="38.195"/>
  <system-out/>
  <testcase classname="SwimPay.negativeTests.negativeFXconversion" name="submitFXConversion_curriencyAmount_bySameCurrencyOpt" time="26.307"/>
  <system-out/>
  <testcase classname="SwimPay.negativeTests.negativeFXconversion" name="submitFxConversionByInvalidOTPSubmit" time="34.478"/>
  <system-out/>
  <testcase classname="SwimPay.negativeTests.negativeFXconversion" name="fxConversionWithoutSelectingTermsCheckbox" time="29.831"/>
  <system-out/>
  <testcase classname="SwimPay.negativeTests.negativeFXconversion" name="submitCurrencies_AmountWith_Amount" time="16.623"/>
  <system-out/>
  <testcase classname="SwimPay.negativeTests.negativeFXconversion" name="submitCurrencies_Amout_Enter_InvalidData" time="20.447"/>
  <system-out/>
  <testcase classname="SwimPay.negativeTests.negativeFXconversion" name="FX_Convresion_BuyOrSell_SameCurrency" time="20.133"/>
  <system-out/>
  <testcase classname="SwimPay.negativeTests.negativeFXconversion" name="FX_Convresion_Invalid_OTP" time="31.374"/>
  <system-out/>
  <testcase classname="SwimPay.negativeTests.negativeFXconversion" name="WithOut_select_checkbox" time="24.221"/>
  <system-out/>
</testsuite> <!-- SwimPay.negativeTests.negativeFXconversion -->
