<?xml version="1.0" encoding="UTF-8"?>
<!-- Generated by org.testng.reporters.JUnitReportReporter -->
<testsuite hostname="C102" failures="0" tests="3" name="SwimPay.negativeTests.SignUp" time="23.861" errors="0" timestamp="2024-04-15T11:59:06 IST" skipped="0">
  <testcase classname="SwimPay.negativeTests.SignUp" name="submitOnboardingAccount" time="11.039"/>
  <system-out/>
  <testcase classname="SwimPay.negativeTests.SignUp" name="submitBlankOnBoardingAccount" time="6.290"/>
  <system-out/>
  <testcase classname="SwimPay.negativeTests.SignUp" name="submitOnboarding_with_Nonformat" time="6.532"/>
  <system-out/>
</testsuite> <!-- SwimPay.negativeTests.SignUp -->
