<?xml version="1.0" encoding="UTF-8"?>
<!-- Generated by org.testng.reporters.JUnitReportReporter -->
<testsuite hostname="C102" failures="0" tests="1" name="SwimPay.positiveTests.payments" time="13.860" errors="0" timestamp="2024-05-03T10:58:02 IST" skipped="0">
  <testcase classname="SwimPay.positiveTests.payments" name="paymentsClick" time="13.860"/>
  <system-out/>
</testsuite> <!-- SwimPay.positiveTests.payments -->
