<?xml version="1.0" encoding="UTF-8"?>
<!-- Generated by org.testng.reporters.JUnitReportReporter -->
<testsuite hostname="C102" failures="0" tests="5" name="SwimPay.negativeTests.negativePassword" time="293.267" errors="0" timestamp="2024-05-03T19:10:00 IST" skipped="0">
  <testcase classname="SwimPay.negativeTests.negativePassword" name="invalidEmailSubmit" time="58.045"/>
  <system-out/>
  <testcase classname="SwimPay.negativeTests.negativePassword" name="invalidPasswordValueRangeFormat" time="61.120"/>
  <system-out/>
  <testcase classname="SwimPay.negativeTests.negativePassword" name="misMatchNew_ConfirmPasswordValue" time="58.166"/>
  <system-out/>
  <testcase classname="SwimPay.negativeTests.negativePassword" name="wrongOTP_for_forgotPasswordEmail_Submit" time="57.421"/>
  <system-out/>
  <testcase classname="SwimPay.negativeTests.negativePassword" name="resetPassword_withWhiteSpaceData" time="58.515"/>
  <system-out/>
</testsuite> <!-- SwimPay.negativeTests.negativePassword -->
