<?xml version="1.0" encoding="UTF-8"?>
<!-- Generated by org.testng.reporters.JUnitReportReporter -->
<testsuite hostname="C102" failures="0" tests="20" name="SwimPay.positiveTests.fundingAccounts" time="650.445" errors="0" timestamp="2024-05-14T18:50:27 IST" skipped="0">
  <testcase classname="SwimPay.positiveTests.fundingAccounts" name="navigateToFundingAccount" time="24.184"/>
  <system-out/>
  <testcase classname="SwimPay.positiveTests.fundingAccounts" name="searchBankAccounts" time="16.407"/>
  <system-out/>
  <testcase classname="SwimPay.positiveTests.fundingAccounts" name="clickAddAccountBtn" time="15.444"/>
  <system-out/>
  <testcase classname="SwimPay.positiveTests.fundingAccounts" name="addNew_submitMyBankDetailFormData" time="23.230"/>
  <system-out/>
  <testcase classname="SwimPay.positiveTests.fundingAccounts" name="addNewFunding_submitAndValdiateBankAccountDetails" time="45.630"/>
  <system-out/>
  <testcase classname="SwimPay.positiveTests.fundingAccounts" name="addNew_submitMyBankDetailFormData_withIndividualBankTypeOpt" time="26.271"/>
  <system-out/>
  <testcase classname="SwimPay.positiveTests.fundingAccounts" name="addNewFunding_valdiateAndCreateBankAccountDetails_withIndividualBankTypeOpt" time="44.370"/>
  <system-out/>
  <testcase classname="SwimPay.positiveTests.fundingAccounts" name="addNewFunding_clickOnEditOpt" time="47.049"/>
  <system-out/>
  <testcase classname="SwimPay.positiveTests.fundingAccounts" name="addNewFunding_clickOnEditOpt_andUpdateDetails" time="61.532"/>
  <system-out/>
  <testcase classname="SwimPay.positiveTests.fundingAccounts" name="addNewFunding_deletenewSavedDetails" time="53.490"/>
  <system-out/>
  <testcase classname="SwimPay.positiveTests.fundingAccounts" name="addNewFunding_andClickPayOpt" time="39.371"/>
  <system-out/>
  <testcase classname="SwimPay.positiveTests.fundingAccounts" name="clickUserAccountNamefromDataList" time="15.524"/>
  <system-out/>
  <testcase classname="SwimPay.positiveTests.fundingAccounts" name="clickUsersAccountNameFromDataList_andClickPayBtnFromDetailPage" time="16.940"/>
  <system-out/>
  <testcase classname="SwimPay.positiveTests.fundingAccounts" name="clickUsersAccountNameFromDataList_andClickEditBtnFromDetailPage" time="17.278"/>
  <system-out/>
  <testcase classname="SwimPay.positiveTests.fundingAccounts" name="clickUsersAccountNameFromDataList_andClickDeleteBtnFromDetailPage" time="16.781"/>
  <system-out/>
  <testcase classname="SwimPay.positiveTests.fundingAccounts" name="clickEditOptForRequestedUser" time="19.623"/>
  <system-out/>
  <testcase classname="SwimPay.positiveTests.fundingAccounts" name="clickEditOptFromDataListForRequestedUser_andEditUpdateDetails" time="32.598"/>
  <system-out/>
  <testcase classname="SwimPay.positiveTests.fundingAccounts" name="clickPayOptFromDataListForRequestedUser" time="34.048"/>
  <system-out/>
  <testcase classname="SwimPay.positiveTests.fundingAccounts" name="clickPayOptFromDataListForRequestedUser_andPerformPayment" time="50.817"/>
  <system-out/>
  <testcase classname="SwimPay.positiveTests.fundingAccounts" name="clickDeleteOptForRequestedUserFromDataList_andPerformDeleteAction" time="49.858"/>
  <system-out/>
</testsuite> <!-- SwimPay.positiveTests.fundingAccounts -->
