<?xml version="1.0" encoding="UTF-8"?>
<!-- Generated by org.testng.reporters.JUnitReportReporter -->
<testsuite hostname="C102" failures="0" tests="10" name="SwimPay.negativeTests.negativeNewchangePayment" time="606.194" errors="0" timestamp="2024-05-14T18:50:27 IST" skipped="0">
  <testcase classname="SwimPay.negativeTests.negativeNewchangePayment" name="addNew_External_Recipients_detailsSubmit_asBlank" time="25.020"/>
  <system-out/>
  <testcase classname="SwimPay.negativeTests.negativeNewchangePayment" name="addNewExternal_Recipients_BankAccountDetailsSubmit_withoutPaymentCheckboxSelected" time="87.570"/>
  <system-out/>
  <testcase classname="SwimPay.negativeTests.negativeNewchangePayment" name="addNew_External_Recipients_detailsSubmit_withWhiteSpaceValues" time="88.401"/>
  <system-out/>
  <testcase classname="SwimPay.negativeTests.negativeNewchangePayment" name="addNewExternal_Recipients_BankAccountDetailsSubmit_withBlankFormfields" time="46.579"/>
  <system-out/>
  <testcase classname="SwimPay.negativeTests.negativeNewchangePayment" name="Add_Invaliddatapost_External_Recipients_BankAccountDetail_page" time="51.794"/>
  <system-out/>
  <testcase classname="SwimPay.negativeTests.negativeNewchangePayment" name="Click_Paybtn_and_navigate_the_Bank_detail_and_update_page" time="44.122"/>
  <system-out/>
  <testcase classname="SwimPay.negativeTests.negativeNewchangePayment" name="Enter_invalid_amount_data" time="29.772"/>
  <system-out/>
  <testcase classname="SwimPay.negativeTests.negativeNewchangePayment" name="Enter_ivalid_babk_detail_for_External_Recipients_pay" time="78.411"/>
  <system-out/>
  <testcase classname="SwimPay.negativeTests.negativeNewchangePayment" name="click_SWiMPAYCustomerRegion_and_AccountId_invalid_Data" time="77.801"/>
  <system-out/>
  <testcase classname="SwimPay.negativeTests.negativeNewchangePayment" name="click_Paybtn_Fillup_Invild_data_bank_Details_and_Submitbtn_click" time="76.724"/>
  <system-out/>
</testsuite> <!-- SwimPay.negativeTests.negativeNewchangePayment -->
