<?xml version="1.0" encoding="UTF-8"?>
<!-- Generated by org.testng.reporters.JUnitReportReporter -->
<testsuite hostname="C102" failures="0" tests="19" name="SwimPay.positiveTests.dashboard" time="506.986" errors="0" timestamp="2024-05-03T10:58:02 IST" skipped="0">
  <testcase classname="SwimPay.positiveTests.dashboard" name="clickDashboradOptFromMenu" time="14.244"/>
  <system-out/>
  <testcase classname="SwimPay.positiveTests.dashboard" name="clickViewAccountOpt_fromDashBoardPage" time="16.928"/>
  <system-out/>
  <testcase classname="SwimPay.positiveTests.dashboard" name="clickAddRecipientPayeeOpt_fromDashBoardPage" time="14.045"/>
  <system-out/>
  <testcase classname="SwimPay.positiveTests.dashboard" name="clickCreatePaymentOpt_fromDashBoardPage" time="15.058"/>
  <system-out/>
  <testcase classname="SwimPay.positiveTests.dashboard" name="clickMakeConversionOpt_fromDashBoardPage" time="14.718"/>
  <system-out/>
  <testcase classname="SwimPay.positiveTests.dashboard" name="searchToDo_asAwaitingFunds" time="28.885"/>
  <system-out/>
  <testcase classname="SwimPay.positiveTests.dashboard" name="searchToDo_asFailedPayment" time="29.771"/>
  <system-out/>
  <testcase classname="SwimPay.positiveTests.dashboard" name="searchToDo_asPendingTrascation" time="28.883"/>
  <system-out/>
  <testcase classname="SwimPay.positiveTests.dashboard" name="searchToDo_asCompletedConversionsToday" time="31.684"/>
  <system-out/>
  <testcase classname="SwimPay.positiveTests.dashboard" name="searchToDo_asCompletedTransactionssToday" time="29.542"/>
  <system-out/>
  <testcase classname="SwimPay.positiveTests.dashboard" name="searchToDo_asCompletedPaymentsToday" time="32.682"/>
  <system-out/>
  <testcase classname="SwimPay.positiveTests.dashboard" name="searchToDo_asAwaitingFundsAndClick" time="31.505"/>
  <system-out/>
  <testcase classname="SwimPay.positiveTests.dashboard" name="searchToDo_asFailedPaymentsAndClick" time="28.577"/>
  <system-out/>
  <testcase classname="SwimPay.positiveTests.dashboard" name="searchToDo_asPendingTransactionAndClick" time="31.137"/>
  <system-out/>
  <testcase classname="SwimPay.positiveTests.dashboard" name="searchToDo_asCompletedConversionTodayAndClick" time="28.964"/>
  <system-out/>
  <testcase classname="SwimPay.positiveTests.dashboard" name="searchToDo_asCompletedTransactionsTodayAndClick" time="29.621"/>
  <system-out/>
  <testcase classname="SwimPay.positiveTests.dashboard" name="searchToDo_asCompletedPaymentsTodayAndClick" time="29.744"/>
  <system-out/>
  <testcase classname="SwimPay.positiveTests.dashboard" name="captureCurrencyFromFixedCurrencyHeader_andClickOnRequestedCurrencyOpt" time="34.790"/>
  <system-out/>
  <testcase classname="SwimPay.positiveTests.dashboard" name="clickOnSwimPayLogo" time="36.208"/>
  <system-out/>
</testsuite> <!-- SwimPay.positiveTests.dashboard -->
