<?xml version="1.0" encoding="UTF-8"?>
<!-- Generated by org.testng.reporters.JUnitReportReporter -->
<testsuite hostname="C102" failures="0" tests="5" name="SwimPay.negativeTests.negativeLogin" time="40.881" errors="0" timestamp="2024-04-12T15:38:46 IST" skipped="0">
  <testcase classname="SwimPay.negativeTests.negativeLogin" name="invalidUserEmailLogin" time="1.744"/>
  <system-out/>
  <testcase classname="SwimPay.negativeTests.negativeLogin" name="invalidUserPasswordLogin" time="1.378"/>
  <system-out/>
  <testcase classname="SwimPay.negativeTests.negativeLogin" name="blankEmailSubmit" time="10.161"/>
  <system-out/>
  <testcase classname="SwimPay.negativeTests.negativeLogin" name="sensativeEmailLogin" time="15.638"/>
  <system-out/>
  <testcase classname="SwimPay.negativeTests.negativeLogin" name="invalid_OTP_userLogin" time="11.960"/>
  <system-out/>
</testsuite> <!-- SwimPay.negativeTests.negativeLogin -->
