<?xml version="1.0" encoding="UTF-8"?>
<!-- Generated by org.testng.reporters.JUnitReportReporter -->
<testsuite hostname="C102" failures="0" tests="4" name="SwimPay.negativeTests.negativeFXconversion" time="101.994" errors="0" timestamp="2024-04-19T09:18:49 IST" skipped="0">
  <testcase classname="SwimPay.negativeTests.negativeFXconversion" name="submitCurrencies_AmountWith_Amount0" time="27.911"/>
  <system-out/>
  <testcase classname="SwimPay.negativeTests.negativeFXconversion" name="submitFXConversion_curriencyAmount_bySameCurrencyOpt" time="23.988"/>
  <system-out/>
  <testcase classname="SwimPay.negativeTests.negativeFXconversion" name="submitFxConversionByInvalidOTPSubmit" time="26.507"/>
  <system-out/>
  <testcase classname="SwimPay.negativeTests.negativeFXconversion" name="fxConversionWithoutSelectingTermsCheckbox" time="23.588"/>
  <system-out/>
</testsuite> <!-- SwimPay.negativeTests.negativeFXconversion -->
