<?xml version="1.0" encoding="UTF-8"?>
<!-- Generated by org.testng.reporters.JUnitReportReporter -->
<testsuite hostname="C102" failures="0" tests="1" name="SwimPay.negativeTests.NegativeInvoicingTest" time="34.343" errors="0" timestamp="2024-04-19T15:50:00 IST" skipped="0">
  <testcase classname="SwimPay.negativeTests.NegativeInvoicingTest" name="ClickOnUpdateLogoButtonInInstructionSubmenu" time="34.343"/>
  <system-out/>
</testsuite> <!-- SwimPay.negativeTests.NegativeInvoicingTest -->
