<?xml version="1.0" encoding="UTF-8"?>
<!-- Generated by org.testng.reporters.JUnitReportReporter -->
<testsuite hostname="C102" failures="0" tests="12" name="SwimPay.positiveTests.reports" time="335.911" errors="0" timestamp="2024-04-25T19:29:51 IST" skipped="0">
  <testcase classname="SwimPay.positiveTests.reports" name="clickOnReportsOpt" time="20.399"/>
  <system-out/>
  <testcase classname="SwimPay.positiveTests.reports" name="searchReportInvoiceMapByInvoiceNumber" time="28.448"/>
  <system-out/>
  <testcase classname="SwimPay.positiveTests.reports" name="searchReportInvoiceMapBySellerName" time="30.007"/>
  <system-out/>
  <testcase classname="SwimPay.positiveTests.reports" name="searchReportsInvoiceMapByBuyerName" time="35.114"/>
  <system-out/>
  <testcase classname="SwimPay.positiveTests.reports" name="searchReportsInvoiceMapByDateRange" time="40.541"/>
  <system-out/>
  <testcase classname="SwimPay.positiveTests.reports" name="reportsClickonBOL_CSVOPt" time="25.183"/>
  <system-out/>
  <testcase classname="SwimPay.positiveTests.reports" name="searchReportsBOL_CSVbyBCNNumber" time="21.967"/>
  <system-out/>
  <testcase classname="SwimPay.positiveTests.reports" name="searchReportsBOL_CSVbySellerNamee" time="29.720"/>
  <system-out/>
  <testcase classname="SwimPay.positiveTests.reports" name="searchReportsBOL_CSVbyBuyerNamee" time="26.169"/>
  <system-out/>
  <testcase classname="SwimPay.positiveTests.reports" name="searchReportsBOL_CSVByDateRangeBol" time="22.039"/>
  <system-out/>
  <testcase classname="SwimPay.positiveTests.reports" name="searchReportsBOL_CSVByDateRangeBuyer" time="29.723"/>
  <system-out/>
  <testcase classname="SwimPay.positiveTests.reports" name="searchReportsBOL_CSVByDateRangeSeller" time="26.601"/>
  <system-out/>
</testsuite> <!-- SwimPay.positiveTests.reports -->
