<?xml version="1.0" encoding="UTF-8"?>
<!-- Generated by org.testng.reporters.JUnitReportReporter -->
<testsuite hostname="C102" failures="0" tests="30" name="SwimPay.positiveTests.Search" time="788.037" errors="0" timestamp="2024-05-14T18:50:27 IST" skipped="0">
  <testcase classname="SwimPay.positiveTests.Search" name="clickOnSearch" time="17.170"/>
  <system-out/>
  <testcase classname="SwimPay.positiveTests.Search" name="SearchConversionByReferenceNumber" time="29.728"/>
  <system-out/>
  <testcase classname="SwimPay.positiveTests.Search" name="SearchConversionByStatus" time="24.037"/>
  <system-out/>
  <testcase classname="SwimPay.positiveTests.Search" name="resetFilter_whileNoFiltersApplied" time="20.271"/>
  <system-out/>
  <testcase classname="SwimPay.positiveTests.Search" name="applyFilers_resetFilters" time="34.809"/>
  <system-out/>
  <testcase classname="SwimPay.positiveTests.Search" name="soldFrom_ToBaughtCurrency" time="81.046"/>
  <system-out/>
  <testcase classname="SwimPay.positiveTests.Search" name="conversionData_minimumSold" time="24.054"/>
  <system-out/>
  <testcase classname="SwimPay.positiveTests.Search" name="conversionData_MaximumSold" time="30.055"/>
  <system-out/>
  <testcase classname="SwimPay.positiveTests.Search" name="conversionData_minMaxSold" time="24.447"/>
  <system-out/>
  <testcase classname="SwimPay.positiveTests.Search" name="conversion_minBaught" time="21.831"/>
  <system-out/>
  <testcase classname="SwimPay.positiveTests.Search" name="conversion_maxBaught" time="25.599"/>
  <system-out/>
  <testcase classname="SwimPay.positiveTests.Search" name="coversion_minMaxBaught" time="25.349"/>
  <system-out/>
  <testcase classname="SwimPay.positiveTests.Search" name="conversion_minMax_soldBaught" time="25.161"/>
  <system-out/>
  <testcase classname="SwimPay.positiveTests.Search" name="searchPayment" time="19.116"/>
  <system-out/>
  <testcase classname="SwimPay.positiveTests.Search" name="searchPaymentBYReferenceNumber" time="33.837"/>
  <system-out/>
  <testcase classname="SwimPay.positiveTests.Search" name="searchPaymentByDateType" time="21.153"/>
  <system-out/>
  <testcase classname="SwimPay.positiveTests.Search" name="searchPaymentByStatus" time="25.047"/>
  <system-out/>
  <testcase classname="SwimPay.positiveTests.Search" name="searchPaymentByMinAmmount" time="22.547"/>
  <system-out/>
  <testcase classname="SwimPay.positiveTests.Search" name="searchPaymentByMaxAmount" time="23.709"/>
  <system-out/>
  <testcase classname="SwimPay.positiveTests.Search" name="searchPaymentByMinMaxAmount" time="23.192"/>
  <system-out/>
  <testcase classname="SwimPay.positiveTests.Search" name="searchPaymentByCurrency" time="22.570"/>
  <system-out/>
  <testcase classname="SwimPay.positiveTests.Search" name="searchPaymentByFilters" time="22.341"/>
  <system-out/>
  <testcase classname="SwimPay.positiveTests.Search" name="searchTransactionOption" time="17.426"/>
  <system-out/>
  <testcase classname="SwimPay.positiveTests.Search" name="searchTransactionByReferecneNumber" time="27.664"/>
  <system-out/>
  <testcase classname="SwimPay.positiveTests.Search" name="searchTransactionByDateType" time="27.649"/>
  <system-out/>
  <testcase classname="SwimPay.positiveTests.Search" name="searchTransactionByStatusFilter" time="22.564"/>
  <system-out/>
  <testcase classname="SwimPay.positiveTests.Search" name="searchTransactionByMinAmount" time="26.447"/>
  <system-out/>
  <testcase classname="SwimPay.positiveTests.Search" name="searchTransactionByMaxAmount" time="24.427"/>
  <system-out/>
  <testcase classname="SwimPay.positiveTests.Search" name="searchTransactionnByMinMaxAmount" time="22.519"/>
  <system-out/>
  <testcase classname="SwimPay.positiveTests.Search" name="searchTranactionByCurrencyType" time="22.272"/>
  <system-out/>
</testsuite> <!-- SwimPay.positiveTests.Search -->
