<?xml version="1.0" encoding="UTF-8"?>
<!-- Generated by org.testng.reporters.JUnitReportReporter -->
<testsuite hostname="C102" failures="0" tests="5" name="SwimPay.negativeTests.negativePassword" time="294.467" errors="0" timestamp="2024-05-06T16:26:55 IST" skipped="0">
  <testcase classname="SwimPay.negativeTests.negativePassword" name="invalidEmailSubmit" time="58.437"/>
  <system-out/>
  <testcase classname="SwimPay.negativeTests.negativePassword" name="invalidPasswordValueRangeFormat" time="60.602"/>
  <system-out/>
  <testcase classname="SwimPay.negativeTests.negativePassword" name="misMatchNew_ConfirmPasswordValue" time="58.498"/>
  <system-out/>
  <testcase classname="SwimPay.negativeTests.negativePassword" name="wrongOTP_for_forgotPasswordEmail_Submit" time="58.624"/>
  <system-out/>
  <testcase classname="SwimPay.negativeTests.negativePassword" name="resetPassword_withWhiteSpaceData" time="58.306"/>
  <system-out/>
</testsuite> <!-- SwimPay.negativeTests.negativePassword -->
