<?xml version="1.0" encoding="UTF-8"?>
<!-- Generated by org.testng.reporters.JUnitReportReporter -->
<testsuite hostname="C102" failures="0" tests="29" name="SwimPay.positiveTests.fxConversion" time="843.623" errors="0" timestamp="2024-05-03T19:10:01 IST" skipped="0">
  <testcase classname="SwimPay.positiveTests.fxConversion" name="clickOnSearch" time="13.829"/>
  <system-out/>
  <testcase classname="SwimPay.positiveTests.fxConversion" name="fxConversionCancelProcess_FromCurrency_Amountsection" time="14.556"/>
  <system-out/>
  <testcase classname="SwimPay.positiveTests.fxConversion" name="submitCurrency_AccountDetails" time="23.248"/>
  <system-out/>
  <testcase classname="SwimPay.positiveTests.fxConversion" name="fxConversionCancelProcess_FromCurrency_Amountsection_whenDataProvided" time="24.027"/>
  <system-out/>
  <testcase classname="SwimPay.positiveTests.fxConversion" name="fxConversionconvert" time="34.055"/>
  <system-out/>
  <testcase classname="SwimPay.positiveTests.fxConversion" name="fxConversionCancelProcess_fromQuoteSection" time="29.041"/>
  <system-out/>
  <testcase classname="SwimPay.positiveTests.fxConversion" name="fxConversionByAmountToBuy" time="34.624"/>
  <system-out/>
  <testcase classname="SwimPay.positiveTests.fxConversion" name="fxConversionByAmountToSell" time="34.755"/>
  <system-out/>
  <testcase classname="SwimPay.positiveTests.fxConversion" name="fxConversionCancelProcess_fromOTPStep" time="30.636"/>
  <system-out/>
  <testcase classname="SwimPay.positiveTests.fxConversion" name="fxConversionBackBtnClick_fromQuoteSection" time="30.270"/>
  <system-out/>
  <testcase classname="SwimPay.positiveTests.fxConversion" name="fxConversion_clickRequoteOpt" time="49.832"/>
  <system-out/>
  <testcase classname="SwimPay.positiveTests.fxConversion" name="fxConversion_clickMakePaymentOpt" time="37.129"/>
  <system-out/>
  <testcase classname="SwimPay.positiveTests.fxConversion" name="fxConversion_clickPayLaterOpt" time="34.179"/>
  <system-out/>
  <testcase classname="SwimPay.positiveTests.fxConversion" name="fxConversion_clickMakeAnotherconversionOpt" time="35.572"/>
  <system-out/>
  <testcase classname="SwimPay.positiveTests.fxConversion" name="fxConversion_clickViewDashboardOpt" time="33.348"/>
  <system-out/>
  <testcase classname="SwimPay.positiveTests.fxConversion" name="fxConversionPayOutOption" time="17.247"/>
  <system-out/>
  <testcase classname="SwimPay.positiveTests.fxConversion" name="SellCurrecy" time="22.006"/>
  <system-out/>
  <testcase classname="SwimPay.positiveTests.fxConversion" name="BuyCurrecy" time="21.379"/>
  <system-out/>
  <testcase classname="SwimPay.positiveTests.fxConversion" name="AmountToselectBuyoption" time="21.171"/>
  <system-out/>
  <testcase classname="SwimPay.positiveTests.fxConversion" name="WriteAmount" time="20.961"/>
  <system-out/>
  <testcase classname="SwimPay.positiveTests.fxConversion" name="Get_a_Quote" time="27.202"/>
  <system-out/>
  <testcase classname="SwimPay.positiveTests.fxConversion" name="CancelButton" time="20.729"/>
  <system-out/>
  <testcase classname="SwimPay.positiveTests.fxConversion" name="fxConversionByAmountBuy" time="32.646"/>
  <system-out/>
  <testcase classname="SwimPay.positiveTests.fxConversion" name="fxConversionBackBtnClick_fromQuote" time="26.483"/>
  <system-out/>
  <testcase classname="SwimPay.positiveTests.fxConversion" name="PayoutRequoteOpt" time="41.428"/>
  <system-out/>
  <testcase classname="SwimPay.positiveTests.fxConversion" name="PayOutclickMakePaymentOpt" time="36.652"/>
  <system-out/>
  <testcase classname="SwimPay.positiveTests.fxConversion" name="PayOutclickPayLaterOpt" time="32.605"/>
  <system-out/>
  <testcase classname="SwimPay.positiveTests.fxConversion" name="PayOutclickMakeAnotherconversionOpt" time="30.784"/>
  <system-out/>
  <testcase classname="SwimPay.positiveTests.fxConversion" name="fxConversionPayOut_clickViewDashboardOpt" time="33.229"/>
  <system-out/>
</testsuite> <!-- SwimPay.positiveTests.fxConversion -->
