<?xml version="1.0" encoding="UTF-8"?>
<!-- Generated by org.testng.reporters.JUnitReportReporter -->
<testsuite hostname="C102" failures="0" tests="4" name="SwimPay.positiveTests.forgot_resetPassword" time="250.442" errors="0" timestamp="2024-05-14T18:50:27 IST" skipped="0">
  <testcase classname="SwimPay.positiveTests.forgot_resetPassword" name="clickForgotPasswordOpt" time="59.443"/>
  <system-out/>
  <testcase classname="SwimPay.positiveTests.forgot_resetPassword" name="submitForgotPasswordEmail" time="65.163"/>
  <system-out/>
  <testcase classname="SwimPay.positiveTests.forgot_resetPassword" name="ResetPassword" time="66.518"/>
  <system-out/>
  <testcase classname="SwimPay.positiveTests.forgot_resetPassword" name="backToLoginPageFromForgotPasswordPage" time="59.318"/>
  <system-out/>
</testsuite> <!-- SwimPay.positiveTests.forgot_resetPassword -->
