<?xml version="1.0" encoding="UTF-8"?>
<!-- Generated by org.testng.reporters.JUnitReportReporter -->
<testsuite hostname="C102" failures="0" tests="9" name="SwimPay.negativeTests.negativeFXconversion" time="230.856" errors="0" timestamp="2024-05-06T16:26:55 IST" skipped="0">
  <testcase classname="SwimPay.negativeTests.negativeFXconversion" name="submitCurrencies_AmountWith_Amount0" time="23.253"/>
  <system-out/>
  <testcase classname="SwimPay.negativeTests.negativeFXconversion" name="submitFXConversion_curriencyAmount_bySameCurrencyOpt" time="27.561"/>
  <system-out/>
  <testcase classname="SwimPay.negativeTests.negativeFXconversion" name="submitFxConversionByInvalidOTPSubmit" time="31.996"/>
  <system-out/>
  <testcase classname="SwimPay.negativeTests.negativeFXconversion" name="fxConversionWithoutSelectingTermsCheckbox" time="30.483"/>
  <system-out/>
  <testcase classname="SwimPay.negativeTests.negativeFXconversion" name="submitCurrencies_AmountWith_Amount" time="16.358"/>
  <system-out/>
  <testcase classname="SwimPay.negativeTests.negativeFXconversion" name="submitCurrencies_Amout_Enter_InvalidData" time="21.130"/>
  <system-out/>
  <testcase classname="SwimPay.negativeTests.negativeFXconversion" name="FX_Convresion_BuyOrSell_SameCurrency" time="20.612"/>
  <system-out/>
  <testcase classname="SwimPay.negativeTests.negativeFXconversion" name="FX_Convresion_Invalid_OTP" time="30.988"/>
  <system-out/>
  <testcase classname="SwimPay.negativeTests.negativeFXconversion" name="WithOut_select_checkbox" time="28.475"/>
  <system-out/>
</testsuite> <!-- SwimPay.negativeTests.negativeFXconversion -->
