<?xml version="1.0" encoding="UTF-8"?>
<!-- Generated by org.testng.reporters.JUnitReportReporter -->
<testsuite hostname="C102" failures="0" tests="7" name="SwimPay.positiveTests.FailSkipTC" time="264.277" errors="0" timestamp="2024-05-15T10:34:09 IST" skipped="0">
  <testcase classname="SwimPay.positiveTests.FailSkipTC" name="resetPassword_withWhiteSpaceData" time="14.823"/>
  <system-out/>
  <testcase classname="SwimPay.positiveTests.FailSkipTC" name="balPayin_RequestCSVFile" time="48.724"/>
  <system-out/>
  <testcase classname="SwimPay.positiveTests.FailSkipTC" name="balPayin_completedTransactionsByDate" time="43.714"/>
  <system-out/>
  <testcase classname="SwimPay.positiveTests.FailSkipTC" name="cancelbutton" time="25.082"/>
  <system-out/>
  <testcase classname="SwimPay.positiveTests.FailSkipTC" name="click_Paybtn_Fillup_bank_Details_and_Submitbtn_click" time="32.643"/>
  <system-out/>
  <testcase classname="SwimPay.positiveTests.FailSkipTC" name="Click_Editbtn_for_payments_pay" time="27.687"/>
  <system-out/>
  <testcase classname="SwimPay.positiveTests.FailSkipTC" name="Click_Deletebtn_for_payments_pay" time="71.604"/>
  <system-out/>
</testsuite> <!-- SwimPay.positiveTests.FailSkipTC -->
