<?xml version="1.0" encoding="UTF-8"?>
<!-- Generated by org.testng.reporters.JUnitReportReporter -->
<testsuite hostname="C102" failures="0" tests="5" name="SwimPay.negativeTests.negativeLogin" time="300.404" errors="0" timestamp="2024-05-14T18:50:27 IST" skipped="0">
  <testcase classname="SwimPay.negativeTests.negativeLogin" name="invalidUserEmailLogin" time="57.254"/>
  <system-out/>
  <testcase classname="SwimPay.negativeTests.negativeLogin" name="invalidUserPasswordLogin" time="58.772"/>
  <system-out/>
  <testcase classname="SwimPay.negativeTests.negativeLogin" name="blankEmailSubmit" time="59.731"/>
  <system-out/>
  <testcase classname="SwimPay.negativeTests.negativeLogin" name="sensativeEmailLogin" time="62.316"/>
  <system-out/>
  <testcase classname="SwimPay.negativeTests.negativeLogin" name="invalid_OTP_userLogin" time="62.331"/>
  <system-out/>
</testsuite> <!-- SwimPay.negativeTests.negativeLogin -->
