<?xml version="1.0" encoding="UTF-8"?>
<!-- Generated by org.testng.reporters.JUnitReportReporter -->
<testsuite hostname="C102" failures="0" tests="1" name="SwimPay.positiveTests.recipient_payee" time="8.132" errors="0" timestamp="2024-04-12T12:01:04 IST" skipped="0">
  <testcase classname="SwimPay.positiveTests.recipient_payee" name="clickAddNewRecipientPayeeBtn" time="8.132"/>
  <system-out/>
</testsuite> <!-- SwimPay.positiveTests.recipient_payee -->
