<?xml version="1.0" encoding="UTF-8"?>
<!-- Generated by org.testng.reporters.JUnitReportReporter -->
<testsuite hostname="C102" failures="0" tests="12" name="SwimPay.positiveTests.reports" time="250.108" errors="0" timestamp="2024-05-14T18:50:27 IST" skipped="0">
  <testcase classname="SwimPay.positiveTests.reports" name="clickOnReportsOpt" time="14.760"/>
  <system-out/>
  <testcase classname="SwimPay.positiveTests.reports" name="searchReportInvoiceMapByInvoiceNumber" time="20.005"/>
  <system-out/>
  <testcase classname="SwimPay.positiveTests.reports" name="searchReportInvoiceMapBySellerName" time="28.104"/>
  <system-out/>
  <testcase classname="SwimPay.positiveTests.reports" name="searchReportsInvoiceMapByBuyerName" time="25.996"/>
  <system-out/>
  <testcase classname="SwimPay.positiveTests.reports" name="searchReportsInvoiceMapByDateRange" time="28.061"/>
  <system-out/>
  <testcase classname="SwimPay.positiveTests.reports" name="reportsClickonBOL_CSVOPt" time="18.052"/>
  <system-out/>
  <testcase classname="SwimPay.positiveTests.reports" name="searchReportsBOL_CSVbyBCNNumber" time="17.720"/>
  <system-out/>
  <testcase classname="SwimPay.positiveTests.reports" name="searchReportsBOL_CSVbySellerNamee" time="20.568"/>
  <system-out/>
  <testcase classname="SwimPay.positiveTests.reports" name="searchReportsBOL_CSVbyBuyerNamee" time="19.829"/>
  <system-out/>
  <testcase classname="SwimPay.positiveTests.reports" name="searchReportsBOL_CSVByDateRangeBol" time="15.727"/>
  <system-out/>
  <testcase classname="SwimPay.positiveTests.reports" name="searchReportsBOL_CSVByDateRangeBuyer" time="20.283"/>
  <system-out/>
  <testcase classname="SwimPay.positiveTests.reports" name="searchReportsBOL_CSVByDateRangeSeller" time="21.003"/>
  <system-out/>
</testsuite> <!-- SwimPay.positiveTests.reports -->
