<?xml version="1.0" encoding="UTF-8"?>
<!-- Generated by org.testng.reporters.JUnitReportReporter -->
<testsuite hostname="C102" failures="0" tests="3" name="SwimPay.negativeTests.SignUp" time="180.822" errors="0" timestamp="2024-05-14T18:50:27 IST" skipped="0">
  <testcase classname="SwimPay.negativeTests.SignUp" name="submitOnboardingAccount" time="60.511"/>
  <system-out/>
  <testcase classname="SwimPay.negativeTests.SignUp" name="submitBlankOnBoardingAccount" time="60.372"/>
  <system-out/>
  <testcase classname="SwimPay.negativeTests.SignUp" name="submitOnboarding_with_Nonformat" time="59.939"/>
  <system-out/>
</testsuite> <!-- SwimPay.negativeTests.SignUp -->
