<?xml version="1.0" encoding="UTF-8"?>
<!-- Generated by org.testng.reporters.JUnitReportReporter -->
<testsuite hostname="C102" failures="0" tests="19" name="SwimPay.positiveTests.dashboard" time="500.408" errors="0" timestamp="2024-05-14T18:50:27 IST" skipped="0">
  <testcase classname="SwimPay.positiveTests.dashboard" name="clickDashboradOptFromMenu" time="15.825"/>
  <system-out/>
  <testcase classname="SwimPay.positiveTests.dashboard" name="clickViewAccountOpt_fromDashBoardPage" time="22.569"/>
  <system-out/>
  <testcase classname="SwimPay.positiveTests.dashboard" name="clickAddRecipientPayeeOpt_fromDashBoardPage" time="13.848"/>
  <system-out/>
  <testcase classname="SwimPay.positiveTests.dashboard" name="clickCreatePaymentOpt_fromDashBoardPage" time="13.556"/>
  <system-out/>
  <testcase classname="SwimPay.positiveTests.dashboard" name="clickMakeConversionOpt_fromDashBoardPage" time="15.261"/>
  <system-out/>
  <testcase classname="SwimPay.positiveTests.dashboard" name="searchToDo_asAwaitingFunds" time="29.883"/>
  <system-out/>
  <testcase classname="SwimPay.positiveTests.dashboard" name="searchToDo_asFailedPayment" time="29.645"/>
  <system-out/>
  <testcase classname="SwimPay.positiveTests.dashboard" name="searchToDo_asPendingTrascation" time="28.981"/>
  <system-out/>
  <testcase classname="SwimPay.positiveTests.dashboard" name="searchToDo_asCompletedConversionsToday" time="29.154"/>
  <system-out/>
  <testcase classname="SwimPay.positiveTests.dashboard" name="searchToDo_asCompletedTransactionssToday" time="30.588"/>
  <system-out/>
  <testcase classname="SwimPay.positiveTests.dashboard" name="searchToDo_asCompletedPaymentsToday" time="31.024"/>
  <system-out/>
  <testcase classname="SwimPay.positiveTests.dashboard" name="searchToDo_asAwaitingFundsAndClick" time="29.168"/>
  <system-out/>
  <testcase classname="SwimPay.positiveTests.dashboard" name="searchToDo_asFailedPaymentsAndClick" time="28.855"/>
  <system-out/>
  <testcase classname="SwimPay.positiveTests.dashboard" name="searchToDo_asPendingTransactionAndClick" time="29.428"/>
  <system-out/>
  <testcase classname="SwimPay.positiveTests.dashboard" name="searchToDo_asCompletedConversionTodayAndClick" time="29.837"/>
  <system-out/>
  <testcase classname="SwimPay.positiveTests.dashboard" name="searchToDo_asCompletedTransactionsTodayAndClick" time="28.483"/>
  <system-out/>
  <testcase classname="SwimPay.positiveTests.dashboard" name="searchToDo_asCompletedPaymentsTodayAndClick" time="29.439"/>
  <system-out/>
  <testcase classname="SwimPay.positiveTests.dashboard" name="captureCurrencyFromFixedCurrencyHeader_andClickOnRequestedCurrencyOpt" time="33.475"/>
  <system-out/>
  <testcase classname="SwimPay.positiveTests.dashboard" name="clickOnSwimPayLogo" time="31.389"/>
  <system-out/>
</testsuite> <!-- SwimPay.positiveTests.dashboard -->
