<?xml version="1.0" encoding="UTF-8"?>
<!-- Generated by org.testng.reporters.JUnitReportReporter -->
<testsuite hostname="C102" failures="0" tests="4" name="SwimPay.positiveTests.userLogin_logout" time="167.198" errors="0" timestamp="2024-05-03T19:10:00 IST" skipped="0">
  <testcase classname="SwimPay.positiveTests.userLogin_logout" name="userLogin" time="18.021"/>
  <system-out/>
  <testcase classname="SwimPay.positiveTests.userLogin_logout" name="userLogin_Logout" time="16.346"/>
  <system-out/>
  <testcase classname="SwimPay.positiveTests.userLogin_logout" name="backToEmailfromPasswordpage" time="74.019"/>
  <system-out/>
  <testcase classname="SwimPay.positiveTests.userLogin_logout" name="showHidePassword" time="58.812"/>
  <system-out/>
</testsuite> <!-- SwimPay.positiveTests.userLogin_logout -->
