<?xml version="1.0" encoding="UTF-8"?>
<!-- Generated by org.testng.reporters.JUnitReportReporter -->
<testsuite hostname="C102" failures="0" tests="9" name="SwimPay.negativeTests.negativeFXconversion" time="233.048" errors="0" timestamp="2024-05-14T18:50:27 IST" skipped="0">
  <testcase classname="SwimPay.negativeTests.negativeFXconversion" name="submitCurrencies_AmountWith_Amount0" time="24.508"/>
  <system-out/>
  <testcase classname="SwimPay.negativeTests.negativeFXconversion" name="submitFXConversion_curriencyAmount_bySameCurrencyOpt" time="27.809"/>
  <system-out/>
  <testcase classname="SwimPay.negativeTests.negativeFXconversion" name="submitFxConversionByInvalidOTPSubmit" time="31.932"/>
  <system-out/>
  <testcase classname="SwimPay.negativeTests.negativeFXconversion" name="fxConversionWithoutSelectingTermsCheckbox" time="28.176"/>
  <system-out/>
  <testcase classname="SwimPay.negativeTests.negativeFXconversion" name="submitCurrencies_AmountWith_Amount" time="17.771"/>
  <system-out/>
  <testcase classname="SwimPay.negativeTests.negativeFXconversion" name="submitCurrencies_Amout_Enter_InvalidData" time="22.724"/>
  <system-out/>
  <testcase classname="SwimPay.negativeTests.negativeFXconversion" name="FX_Convresion_BuyOrSell_SameCurrency" time="20.546"/>
  <system-out/>
  <testcase classname="SwimPay.negativeTests.negativeFXconversion" name="FX_Convresion_Invalid_OTP" time="31.218"/>
  <system-out/>
  <testcase classname="SwimPay.negativeTests.negativeFXconversion" name="WithOut_select_checkbox" time="28.364"/>
  <system-out/>
</testsuite> <!-- SwimPay.negativeTests.negativeFXconversion -->
