<?xml version="1.0" encoding="UTF-8"?>
<!-- Generated by org.testng.reporters.JUnitReportReporter -->
<testsuite hostname="C102" failures="0" tests="1" name="SwimPay.positiveTests.settings" time="22.893" errors="0" timestamp="2024-04-19T09:41:46 IST" skipped="0">
  <testcase classname="SwimPay.positiveTests.settings" name="updateSettings" time="22.893"/>
  <system-out/>
</testsuite> <!-- SwimPay.positiveTests.settings -->
