<?xml version="1.0" encoding="UTF-8"?>
<!-- Generated by org.testng.reporters.JUnitReportReporter -->
<testsuite hostname="C100-189s-iMac.local" failures="0" tests="1" name="SwimPay.positiveTests.settings" time="22.228" errors="0" timestamp="2023-06-20T16:18:59 IST" skipped="0">
  <testcase classname="SwimPay.positiveTests.settings" name="updateSettings" time="22.228"/>
  <system-out/>
</testsuite> <!-- SwimPay.positiveTests.settings -->
