<?xml version="1.0" encoding="UTF-8"?>
<!-- Generated by org.testng.reporters.JUnitReportReporter -->
<testsuite hostname="C102" failures="0" tests="23" name="SwimPay.positiveTests.InvoicingTest" time="1199.223" errors="0" timestamp="2024-05-06T16:26:55 IST" skipped="0">
  <testcase classname="SwimPay.positiveTests.InvoicingTest" name="ClickOnInvoicingMenu" time="16.970"/>
  <system-out/>
  <testcase classname="SwimPay.positiveTests.InvoicingTest" name="ClickOnInstructionSubmenu" time="31.067"/>
  <system-out/>
  <testcase classname="SwimPay.positiveTests.InvoicingTest" name="ViewIntructionCheckList" time="23.322"/>
  <system-out/>
  <testcase classname="SwimPay.positiveTests.InvoicingTest" name="ClickOnCancelbuttonOnInstructionSubmenu" time="40.622"/>
  <system-out/>
  <testcase classname="SwimPay.positiveTests.InvoicingTest" name="ClickOnUploadFieldInInstructionSubmenu" time="61.483"/>
  <system-out/>
  <testcase classname="SwimPay.positiveTests.InvoicingTest" name="UploadDoucmentInInstructionSubmenu" time="27.087"/>
  <system-out/>
  <testcase classname="SwimPay.positiveTests.InvoicingTest" name="ClickOnUpdateLogoButtonInInstructionSubmenu" time="86.621"/>
  <system-out/>
  <testcase classname="SwimPay.positiveTests.InvoicingTest" name="ClickOnNextButton" time="62.501"/>
  <system-out/>
  <testcase classname="SwimPay.positiveTests.InvoicingTest" name="ClickOnCreateInvoiceSubmenu" time="22.919"/>
  <system-out/>
  <testcase classname="SwimPay.positiveTests.InvoicingTest" name="InsertPurchaseOrderAndDueDate" time="29.277"/>
  <system-out/>
  <testcase classname="SwimPay.positiveTests.InvoicingTest" name="InsertExternalCompanyDetails" time="40.894"/>
  <system-out/>
  <testcase classname="SwimPay.positiveTests.InvoicingTest" name="AddAndDeleteItemFields" time="60.209"/>
  <system-out/>
  <testcase classname="SwimPay.positiveTests.InvoicingTest" name="InsertCostAndQuantitydetails" time="79.057"/>
  <system-out/>
  <testcase classname="SwimPay.positiveTests.InvoicingTest" name="InsertNotes_Discount_Tax_details" time="90.449"/>
  <system-out/>
  <testcase classname="SwimPay.positiveTests.InvoicingTest" name="InsertAllDetailsAndClickOnNextButtonInCreateInvoiceSubmenu" time="95.299"/>
  <system-out/>
  <testcase classname="SwimPay.positiveTests.InvoicingTest" name="CreateAnInvoiceForSwimPayCustomer" time="96.483"/>
  <system-out/>
  <testcase classname="SwimPay.positiveTests.InvoicingTest" name="ClickOnInvoiceListSubmenu" time="60.949"/>
  <system-out/>
  <testcase classname="SwimPay.positiveTests.InvoicingTest" name="ClickOnCreateInvoiceButton" time="22.526"/>
  <system-out/>
  <testcase classname="SwimPay.positiveTests.InvoicingTest" name="InsertAllDetailsAndClickOnSearchButton" time="47.744"/>
  <system-out/>
  <testcase classname="SwimPay.positiveTests.InvoicingTest" name="ResetFilters" time="58.308"/>
  <system-out/>
  <testcase classname="SwimPay.positiveTests.InvoicingTest" name="ClickOnPreviewButton" time="54.174"/>
  <system-out/>
  <testcase classname="SwimPay.positiveTests.InvoicingTest" name="ClickOnEditButton" time="54.526"/>
  <system-out/>
  <testcase classname="SwimPay.positiveTests.InvoicingTest" name="EditInvoiceDetails" time="36.736"/>
  <system-out/>
</testsuite> <!-- SwimPay.positiveTests.InvoicingTest -->
