<?xml version="1.0" encoding="UTF-8"?>
<!-- Generated by org.testng.reporters.JUnitReportReporter -->
<testsuite hostname="C102" failures="0" tests="1" name="SwimPay.positiveTests.settings" time="28.983" errors="0" timestamp="2024-05-06T16:26:55 IST" skipped="0">
  <testcase classname="SwimPay.positiveTests.settings" name="updateSettings" time="28.983"/>
  <system-out/>
</testsuite> <!-- SwimPay.positiveTests.settings -->
