<?xml version="1.0" encoding="UTF-8"?>
<!-- Generated by org.testng.reporters.JUnitReportReporter -->
<testsuite hostname="C100-189s-iMac.local" failures="0" tests="1" name="SwimPay.negativeTests.negativeProfile" time="18.024" errors="0" timestamp="2023-06-20T15:48:45 IST" skipped="0">
  <testcase classname="SwimPay.negativeTests.negativeProfile" name="profileUpdateByInvalidFutureDateOfBirth" time="18.024"/>
  <system-out/>
</testsuite> <!-- SwimPay.negativeTests.negativeProfile -->
