<?xml version="1.0" encoding="UTF-8"?>
<!-- Generated by org.testng.reporters.JUnitReportReporter -->
<testsuite hostname="C102" failures="0" tests="3" name="SwimPay.negativeTests.negativeProfile" time="50.551" errors="0" timestamp="2024-05-06T16:26:55 IST" skipped="0">
  <testcase classname="SwimPay.negativeTests.negativeProfile" name="profileUpdateByInvalidPasswordFormat" time="16.197"/>
  <system-out/>
  <testcase classname="SwimPay.negativeTests.negativeProfile" name="profileChangePasswordBy_providingWrongOldPassword" time="16.900"/>
  <system-out/>
  <testcase classname="SwimPay.negativeTests.negativeProfile" name="profileChangePasswordByMis_MatchPasswordValues" time="17.454"/>
  <system-out/>
</testsuite> <!-- SwimPay.negativeTests.negativeProfile -->
