<?xml version="1.0" encoding="UTF-8"?>
<!-- Generated by org.testng.reporters.JUnitReportReporter -->
<testsuite hostname="C102" failures="0" tests="33" name="SwimPay.positiveTests.Search" time="391.886" errors="1" timestamp="2024-04-16T14:42:03 IST" skipped="2">
  <testcase classname="SwimPay.positiveTests.Search" name="tearDown" time="10.033">
    <error message="no such element: Unable to locate element: {&quot;method&quot;:&quot;xpath&quot;,&quot;selector&quot;:&quot;//i[@class=&#039;bi bi-power text-light fw-bold&#039;]&quot;}
  (Session info: chrome=123.0.6312.123)
For documentation on this error, please visit: https://www.selenium.dev/documentation/webdriver/troubleshooting/errors#no-such-element-exception
Build info: version: &#039;4.17.0&#039;, revision: &#039;e52b1be057*&#039;
System info: os.name: &#039;Windows 10&#039;, os.arch: &#039;amd64&#039;, os.version: &#039;10.0&#039;, java.version: &#039;17.0.6&#039;
Driver info: org.openqa.selenium.chrome.ChromeDriver
Command: [c581a81138f90bbba5cb10d122396678, findElement {value=//i[@class=&#039;bi bi-power text-light fw-bold&#039;], using=xpath}]
Capabilities {acceptInsecureCerts: false, browserName: chrome, browserVersion: 123.0.6312.123, chrome: {chromedriverVersion: 123.0.6312.122 (31f8248cdd9..., userDataDir: C:\Users\pgargi\AppData\Loc...}, fedcm:accounts: true, goog:chromeOptions: {debuggerAddress: localhost:54568}, networkConnectionEnabled: false, pageLoadStrategy: normal, platformName: windows, proxy: Proxy(), se:cdp: ws://localhost:54568/devtoo..., se:cdpVersion: 123.0.6312.123, setWindowRect: true, strictFileInteractability: false, timeouts: {implicit: 0, pageLoad: 300000, script: 30000}, unhandledPromptBehavior: dismiss and notify, webauthn:extension:credBlob: true, webauthn:extension:largeBlob: true, webauthn:extension:minPinLength: true, webauthn:extension:prf: true, webauthn:virtualAuthenticators: true}
Session ID: c581a81138f90bbba5cb10d122396678" type="org.openqa.selenium.NoSuchElementException">
      <![CDATA[org.openqa.selenium.NoSuchElementException: no such element: Unable to locate element: {"method":"xpath","selector":"//i[@class='bi bi-power text-light fw-bold']"}
  (Session info: chrome=123.0.6312.123)
For documentation on this error, please visit: https://www.selenium.dev/documentation/webdriver/troubleshooting/errors#no-such-element-exception
Build info: version: '4.17.0', revision: 'e52b1be057*'
System info: os.name: 'Windows 10', os.arch: 'amd64', os.version: '10.0', java.version: '17.0.6'
Driver info: org.openqa.selenium.chrome.ChromeDriver
Command: [c581a81138f90bbba5cb10d122396678, findElement {value=//i[@class='bi bi-power text-light fw-bold'], using=xpath}]
Capabilities {acceptInsecureCerts: false, browserName: chrome, browserVersion: 123.0.6312.123, chrome: {chromedriverVersion: 123.0.6312.122 (31f8248cdd9..., userDataDir: C:\Users\pgargi\AppData\Loc...}, fedcm:accounts: true, goog:chromeOptions: {debuggerAddress: localhost:54568}, networkConnectionEnabled: false, pageLoadStrategy: normal, platformName: windows, proxy: Proxy(), se:cdp: ws://localhost:54568/devtoo..., se:cdpVersion: 123.0.6312.123, setWindowRect: true, strictFileInteractability: false, timeouts: {implicit: 0, pageLoad: 300000, script: 30000}, unhandledPromptBehavior: dismiss and notify, webauthn:extension:credBlob: true, webauthn:extension:largeBlob: true, webauthn:extension:minPinLength: true, webauthn:extension:prf: true, webauthn:virtualAuthenticators: true}
Session ID: c581a81138f90bbba5cb10d122396678
at java.base/jdk.internal.reflect.NativeConstructorAccessorImpl.newInstance0(Native Method)
at java.base/jdk.internal.reflect.NativeConstructorAccessorImpl.newInstance(NativeConstructorAccessorImpl.java:77)
at java.base/jdk.internal.reflect.DelegatingConstructorAccessorImpl.newInstance(DelegatingConstructorAccessorImpl.java:45)
at java.base/java.lang.reflect.Constructor.newInstanceWithCaller(Constructor.java:499)
at java.base/java.lang.reflect.Constructor.newInstance(Constructor.java:480)
at org.openqa.selenium.remote.codec.w3c.W3CHttpResponseCodec.createException(W3CHttpResponseCodec.java:185)
at org.openqa.selenium.remote.codec.w3c.W3CHttpResponseCodec.decode(W3CHttpResponseCodec.java:134)
at org.openqa.selenium.remote.codec.w3c.W3CHttpResponseCodec.decode(W3CHttpResponseCodec.java:51)
at org.openqa.selenium.remote.HttpCommandExecutor.execute(HttpCommandExecutor.java:190)
at org.openqa.selenium.remote.service.DriverCommandExecutor.invokeExecute(DriverCommandExecutor.java:216)
at org.openqa.selenium.remote.service.DriverCommandExecutor.execute(DriverCommandExecutor.java:174)
at org.openqa.selenium.remote.RemoteWebDriver.execute(RemoteWebDriver.java:519)
at org.openqa.selenium.remote.ElementLocation$ElementFinder$2.findElement(ElementLocation.java:165)
at org.openqa.selenium.remote.ElementLocation.findElement(ElementLocation.java:59)
at org.openqa.selenium.remote.RemoteWebDriver.findElement(RemoteWebDriver.java:356)
at org.openqa.selenium.remote.RemoteWebDriver.findElement(RemoteWebDriver.java:350)
at org.openqa.selenium.support.pagefactory.DefaultElementLocator.findElement(DefaultElementLocator.java:68)
at org.openqa.selenium.support.pagefactory.internal.LocatingElementHandler.invoke(LocatingElementHandler.java:38)
at jdk.proxy2/jdk.proxy2.$Proxy14.click(Unknown Source)
at SwimPay.AbstractComponents.abstractComponentsMethods.Logout_Click(abstractComponentsMethods.java:374)
at SwimPay.testComponents.baseClass.tearDown(baseClass.java:55)
at java.base/jdk.internal.reflect.NativeMethodAccessorImpl.invoke0(Native Method)
at java.base/jdk.internal.reflect.NativeMethodAccessorImpl.invoke(NativeMethodAccessorImpl.java:77)
at java.base/jdk.internal.reflect.DelegatingMethodAccessorImpl.invoke(DelegatingMethodAccessorImpl.java:43)
at java.base/java.lang.reflect.Method.invoke(Method.java:568)
at org.testng.internal.invokers.MethodInvocationHelper.invokeMethod(MethodInvocationHelper.java:139)
at org.testng.internal.invokers.MethodInvocationHelper.invokeMethodConsideringTimeout(MethodInvocationHelper.java:69)
at org.testng.internal.invokers.ConfigInvoker.invokeConfigurationMethod(ConfigInvoker.java:361)
at org.testng.internal.invokers.ConfigInvoker.invokeConfigurations(ConfigInvoker.java:296)
at org.testng.internal.invokers.TestMethodWorker.invokeAfterClassMethods(TestMethodWorker.java:222)
at org.testng.internal.invokers.TestMethodWorker.run(TestMethodWorker.java:131)
at java.base/java.util.ArrayList.forEach(ArrayList.java:1511)
at org.testng.TestRunner.privateRun(TestRunner.java:806)
at org.testng.TestRunner.run(TestRunner.java:601)
at org.testng.SuiteRunner.runTest(SuiteRunner.java:433)
at org.testng.SuiteRunner.runSequentially(SuiteRunner.java:427)
at org.testng.SuiteRunner.privateRun(SuiteRunner.java:387)
at org.testng.SuiteRunner.run(SuiteRunner.java:330)
at org.testng.SuiteRunnerWorker.runSuite(SuiteRunnerWorker.java:52)
at org.testng.SuiteRunnerWorker.run(SuiteRunnerWorker.java:95)
at org.testng.TestNG.runSuitesSequentially(TestNG.java:1256)
at org.testng.TestNG.runSuitesLocally(TestNG.java:1176)
at org.testng.TestNG.runSuites(TestNG.java:1099)
at org.testng.TestNG.run(TestNG.java:1067)
at org.testng.remote.AbstractRemoteTestNG.run(AbstractRemoteTestNG.java:115)
at org.testng.remote.RemoteTestNG.initAndRun(RemoteTestNG.java:251)
at org.testng.remote.RemoteTestNG.main(RemoteTestNG.java:77)
]]>
    </error>
  </testcase> <!-- tearDown -->
  <system-out/>
  <testcase classname="SwimPay.positiveTests.Search" name="clickOnSearch" time="12.931"/>
  <system-out/>
  <testcase classname="SwimPay.positiveTests.Search" name="SearchConversionByReferenceNumber" time="13.791"/>
  <system-out/>
  <testcase classname="SwimPay.positiveTests.Search" name="SearchConversionByStatus" time="12.588"/>
  <system-out/>
  <testcase classname="SwimPay.positiveTests.Search" name="resetFilter_whileNoFiltersApplied" time="11.092"/>
  <system-out/>
  <testcase classname="SwimPay.positiveTests.Search" name="applyFilers_resetFilters" time="15.870"/>
  <system-out/>
  <testcase classname="SwimPay.positiveTests.Search" name="soldFrom_ToBaughtCurrency" time="25.250"/>
  <system-out/>
  <testcase classname="SwimPay.positiveTests.Search" name="conversionData_minimumSold" time="10.769"/>
  <system-out/>
  <testcase classname="SwimPay.positiveTests.Search" name="conversionData_MaximumSold" time="10.852"/>
  <system-out/>
  <testcase classname="SwimPay.positiveTests.Search" name="conversionData_minMaxSold" time="11.103"/>
  <system-out/>
  <testcase classname="SwimPay.positiveTests.Search" name="conversion_minBaught" time="10.308"/>
  <system-out/>
  <testcase classname="SwimPay.positiveTests.Search" name="conversion_maxBaught" time="13.240"/>
  <system-out/>
  <testcase classname="SwimPay.positiveTests.Search" name="coversion_minMaxBaught" time="10.843"/>
  <system-out/>
  <testcase classname="SwimPay.positiveTests.Search" name="conversion_minMax_soldBaught" time="11.041"/>
  <system-out/>
  <testcase classname="SwimPay.positiveTests.Search" name="searchPayment" time="8.812"/>
  <system-out/>
  <testcase classname="SwimPay.positiveTests.Search" name="searchPaymentBYReferenceNumber" time="10.238"/>
  <system-out/>
  <testcase classname="SwimPay.positiveTests.Search" name="searchPaymentBYReferenceNumber" time="10.382">
    <skipped/>
  </testcase> <!-- searchPaymentBYReferenceNumber -->
  <system-out/>
  <testcase classname="SwimPay.positiveTests.Search" name="searchPaymentByDateType" time="10.278"/>
  <system-out/>
  <testcase classname="SwimPay.positiveTests.Search" name="searchPaymentByStatus" time="11.766"/>
  <system-out/>
  <testcase classname="SwimPay.positiveTests.Search" name="searchPaymentByMinAmmount" time="11.397"/>
  <system-out/>
  <testcase classname="SwimPay.positiveTests.Search" name="searchPaymentByMaxAmount" time="9.953"/>
  <system-out/>
  <testcase classname="SwimPay.positiveTests.Search" name="searchPaymentByMinMaxAmount" time="11.862"/>
  <system-out/>
  <testcase classname="SwimPay.positiveTests.Search" name="searchPaymentByCurrency" time="12.734"/>
  <system-out/>
  <testcase classname="SwimPay.positiveTests.Search" name="searchPaymentByFilters" time="12.825"/>
  <system-out/>
  <testcase classname="SwimPay.positiveTests.Search" name="searchTransactionOption" time="9.193"/>
  <system-out/>
  <testcase classname="SwimPay.positiveTests.Search" name="searchTransactionByReferecneNumber" time="11.001"/>
  <system-out/>
  <testcase classname="SwimPay.positiveTests.Search" name="searchTransactionByDateType" time="10.727"/>
  <system-out/>
  <testcase classname="SwimPay.positiveTests.Search" name="searchTransactionByDateType" time="10.419">
    <skipped/>
  </testcase> <!-- searchTransactionByDateType -->
  <system-out/>
  <testcase classname="SwimPay.positiveTests.Search" name="searchTransactionByStatusFilter" time="10.198"/>
  <system-out/>
  <testcase classname="SwimPay.positiveTests.Search" name="searchTransactionByMinAmount" time="15.655"/>
  <system-out/>
  <testcase classname="SwimPay.positiveTests.Search" name="searchTransactionByMaxAmount" time="13.043"/>
  <system-out/>
  <testcase classname="SwimPay.positiveTests.Search" name="searchTransactionnByMinMaxAmount" time="11.360"/>
  <system-out/>
  <testcase classname="SwimPay.positiveTests.Search" name="searchTranactionByCurrencyType" time="10.332"/>
  <system-out/>
</testsuite> <!-- SwimPay.positiveTests.Search -->
