<?xml version="1.0" encoding="UTF-8"?>
<!-- Generated by org.testng.reporters.JUnitReportReporter -->
<testsuite hostname="C100-189s-iMac.local" failures="0" tests="19" name="SwimPay.positiveTests.dashboard" time="278.824" errors="0" timestamp="2023-07-20T11:18:51 IST" skipped="0">
  <testcase classname="SwimPay.positiveTests.dashboard" name="searchToDo_asCompletedPaymentsTodayAndClick" time="14.370"/>
  <system-out/>
  <testcase classname="SwimPay.positiveTests.dashboard" name="clickCreatePaymentOpt_fromDashBoardPage" time="11.964"/>
  <system-out/>
  <testcase classname="SwimPay.positiveTests.dashboard" name="searchToDo_asCompletedConversionTodayAndClick" time="15.581"/>
  <system-out/>
  <testcase classname="SwimPay.positiveTests.dashboard" name="searchToDo_asCompletedConversionsToday" time="11.758"/>
  <system-out/>
  <testcase classname="SwimPay.positiveTests.dashboard" name="searchToDo_asAwaitingFunds" time="15.586"/>
  <system-out/>
  <testcase classname="SwimPay.positiveTests.dashboard" name="searchToDo_asPendingTrascation" time="11.901"/>
  <system-out/>
  <testcase classname="SwimPay.positiveTests.dashboard" name="clickAddRecipientPayeeOpt_fromDashBoardPage" time="11.478"/>
  <system-out/>
  <testcase classname="SwimPay.positiveTests.dashboard" name="searchToDo_asPendingTransactionAndClick" time="14.163"/>
  <system-out/>
  <testcase classname="SwimPay.positiveTests.dashboard" name="searchToDo_asCompletedPaymentsToday" time="12.386"/>
  <system-out/>
  <testcase classname="SwimPay.positiveTests.dashboard" name="clickViewAccountOpt_fromDashBoardPage" time="12.219"/>
  <system-out/>
  <testcase classname="SwimPay.positiveTests.dashboard" name="searchToDo_asFailedPaymentsAndClick" time="13.641"/>
  <system-out/>
  <testcase classname="SwimPay.positiveTests.dashboard" name="captureCurrencyFromFixedCurrencyHeader_andClickOnRequestedCurrencyOpt" time="14.484"/>
  <system-out/>
  <testcase classname="SwimPay.positiveTests.dashboard" name="searchToDo_asAwaitingFundsAndClick" time="39.905"/>
  <system-out/>
  <testcase classname="SwimPay.positiveTests.dashboard" name="clickOnSwimPayLogo" time="13.995"/>
  <system-out/>
  <testcase classname="SwimPay.positiveTests.dashboard" name="clickDashboradOptFromMenu" time="13.933"/>
  <system-out/>
  <testcase classname="SwimPay.positiveTests.dashboard" name="searchToDo_asCompletedTransactionsTodayAndClick" time="14.445"/>
  <system-out/>
  <testcase classname="SwimPay.positiveTests.dashboard" name="searchToDo_asCompletedTransactionssToday" time="13.297"/>
  <system-out/>
  <testcase classname="SwimPay.positiveTests.dashboard" name="clickMakeConversionOpt_fromDashBoardPage" time="11.822"/>
  <system-out/>
  <testcase classname="SwimPay.positiveTests.dashboard" name="searchToDo_asFailedPayment" time="11.896"/>
  <system-out/>
</testsuite> <!-- SwimPay.positiveTests.dashboard -->
