<?xml version="1.0" encoding="UTF-8"?>
<!-- Generated by org.testng.reporters.JUnitReportReporter -->
<testsuite hostname="C102" failures="0" tests="1" name="SwimPay.negativeTests.negativeBalancepayIn" time="39.772" errors="0" timestamp="2024-05-01T15:50:46 IST" skipped="0">
  <testcase classname="SwimPay.negativeTests.negativeBalancepayIn" name="balPayinInvalid_completedTransactionsByDate" time="39.772"/>
  <system-out/>
</testsuite> <!-- SwimPay.negativeTests.negativeBalancepayIn -->
