<?xml version="1.0" encoding="UTF-8"?>
<!-- Generated by org.testng.reporters.JUnitReportReporter -->
<testsuite hostname="C102" failures="0" tests="4" name="SwimPay.positiveTests.userLogin_logout" time="157.609" errors="0" timestamp="2024-05-06T16:26:55 IST" skipped="0">
  <testcase classname="SwimPay.positiveTests.userLogin_logout" name="userLogin" time="65.263"/>
  <system-out/>
  <testcase classname="SwimPay.positiveTests.userLogin_logout" name="userLogin_Logout" time="13.102"/>
  <system-out/>
  <testcase classname="SwimPay.positiveTests.userLogin_logout" name="backToEmailfromPasswordpage" time="64.743"/>
  <system-out/>
  <testcase classname="SwimPay.positiveTests.userLogin_logout" name="showHidePassword" time="14.501"/>
  <system-out/>
</testsuite> <!-- SwimPay.positiveTests.userLogin_logout -->
